2025-06-26 17:02:10,849 - INFO - 
Los argumentos son {'input_path': '/home/newfasant2/N101/N101-IA/Datasets/Reorganized/Classification_1200_0_16_f_16_d_POV_5.16_SNR_5.0', 'use_case': 'Classification', 'data_type': 'npy'}


Using cuda:1 device, npy data type, Classification use case and seed 10.


Epoch 1/26 completed in 0.47 seconds with a training error of 1.3864 a validation loss of 1.3877


Epoch 2/26 completed in 0.19 seconds with a training error of 1.3862 a validation loss of 1.3878


Epoch 3/26 completed in 0.19 seconds with a training error of 1.3860 a validation loss of 1.3882


Epoch 4/26 completed in 0.20 seconds with a training error of 1.3861 a validation loss of 1.3883


Epoch 5/26 completed in 0.20 seconds with a training error of 1.3860 a validation loss of 1.3885


Epoch 6/26 completed in 0.20 seconds with a training error of 1.3861 a validation loss of 1.3886


Epoch 7/26 completed in 0.19 seconds with a training error of 1.3860 a validation loss of 1.3887


Epoch 8/26 completed in 0.19 seconds with a training error of 1.3860 a validation loss of 1.3887


Epoch 9/26 completed in 0.19 seconds with a training error of 1.3856 a validation loss of 1.3890


Epoch 10/26 completed in 0.19 seconds with a training error of 1.3859 a validation loss of 1.3891


Epoch 11/26 completed in 0.19 seconds with a training error of 1.3861 a validation loss of 1.3890


Epoch 12/26 completed in 0.19 seconds with a training error of 1.3856 a validation loss of 1.3892


Epoch 13/26 completed in 0.19 seconds with a training error of 1.3859 a validation loss of 1.3891


Epoch 14/26 completed in 0.19 seconds with a training error of 1.3859 a validation loss of 1.3890


Epoch 15/26 completed in 0.19 seconds with a training error of 1.3857 a validation loss of 1.3890


Epoch 16/26 completed in 0.19 seconds with a training error of 1.3851 a validation loss of 1.3896


Epoch 17/26 completed in 0.19 seconds with a training error of 1.3854 a validation loss of 1.3898


Epoch 18/26 completed in 0.19 seconds with a training error of 1.3856 a validation loss of 1.3898


Epoch 19/26 completed in 0.19 seconds with a training error of 1.3860 a validation loss of 1.3895


Epoch 20/26 completed in 0.19 seconds with a training error of 1.3855 a validation loss of 1.3897


Epoch 21/26 completed in 0.19 seconds with a training error of 1.3857 a validation loss of 1.3896


Epoch 22/26 completed in 0.19 seconds with a training error of 1.3856 a validation loss of 1.3896


Epoch 23/26 completed in 0.19 seconds with a training error of 1.3853 a validation loss of 1.3898


Epoch 24/26 completed in 0.19 seconds with a training error of 1.3854 a validation loss of 1.3899


Epoch 25/26 completed in 0.19 seconds with a training error of 1.3850 a validation loss of 1.3902


Epoch 26/26 completed in 0.19 seconds with a training error of 1.3857 a validation loss of 1.3899

Entrenamiento completado

Loss plot saved at /home/newfasant2/N101/N101-IA/Models/Classification_npy_SvDA_POV_5.16_SNR_5.0_1200_0samples_26ep_32bs_loss_plot.png

Model saved

Test Accuracy: 24.44%
Confusion matrix saved at /home/newfasant2/N101/N101-IA/Models/Classification_npy_SvDA_POV_5.16_SNR_5.0_1200_0samples_26ep_32bs_confusion_matrix.png
0.0021422545115152994
Error medio de test:  tensor(1.3862, device='cuda:1')
Fin de la ejecuci贸n

2025-06-26 17:02:19,247 - INFO - 
Los argumentos son {'input_path': '/home/newfasant2/N101/N101-IA/Datasets/Reorganized/Classification_1200_0_16_f_16_d_POV_5.16_SNR_5.0', 'use_case': 'Classification', 'data_type': 'field'}


Using cuda:1 device, field data type, Classification use case and seed 10.


Epoch 1/26 completed in 0.44 seconds with a training error of 1.3859 a validation loss of 1.3867


Epoch 2/26 completed in 0.19 seconds with a training error of 1.3847 a validation loss of 1.3858


Epoch 3/26 completed in 0.19 seconds with a training error of 1.3835 a validation loss of 1.3851


Epoch 4/26 completed in 0.19 seconds with a training error of 1.3826 a validation loss of 1.3840


Epoch 5/26 completed in 0.19 seconds with a training error of 1.3813 a validation loss of 1.3830


Epoch 6/26 completed in 0.20 seconds with a training error of 1.3801 a validation loss of 1.3815


Epoch 7/26 completed in 0.19 seconds with a training error of 1.3786 a validation loss of 1.3799


Epoch 8/26 completed in 0.19 seconds with a training error of 1.3768 a validation loss of 1.3777


Epoch 9/26 completed in 0.19 seconds with a training error of 1.3744 a validation loss of 1.3756


Epoch 10/26 completed in 0.19 seconds with a training error of 1.3719 a validation loss of 1.3725


Epoch 11/26 completed in 0.19 seconds with a training error of 1.3689 a validation loss of 1.3683


Epoch 12/26 completed in 0.19 seconds with a training error of 1.3641 a validation loss of 1.3636


Epoch 13/26 completed in 0.20 seconds with a training error of 1.3586 a validation loss of 1.3561


Epoch 14/26 completed in 0.19 seconds with a training error of 1.3504 a validation loss of 1.3460


Epoch 15/26 completed in 0.19 seconds with a training error of 1.3395 a validation loss of 1.3315


Epoch 16/26 completed in 0.19 seconds with a training error of 1.3226 a validation loss of 1.3119


Epoch 17/26 completed in 0.19 seconds with a training error of 1.2952 a validation loss of 1.2730


Epoch 18/26 completed in 0.19 seconds with a training error of 1.2472 a validation loss of 1.2020


Epoch 19/26 completed in 0.20 seconds with a training error of 1.1439 a validation loss of 1.0453


Epoch 20/26 completed in 0.19 seconds with a training error of 0.9575 a validation loss of 0.8319


Epoch 21/26 completed in 0.19 seconds with a training error of 0.7902 a validation loss of 0.7811


Epoch 22/26 completed in 0.19 seconds with a training error of 0.6565 a validation loss of 0.5206


Epoch 23/26 completed in 0.19 seconds with a training error of 0.5971 a validation loss of 0.9501


Epoch 24/26 completed in 0.19 seconds with a training error of 0.3856 a validation loss of 0.2506


Epoch 25/26 completed in 0.19 seconds with a training error of 0.1276 a validation loss of 0.2114


Epoch 26/26 completed in 0.19 seconds with a training error of 0.1205 a validation loss of 0.0291

Entrenamiento completado

Loss plot saved at /home/newfasant2/N101/N101-IA/Models/Classification_field_SvDA_POV_5.16_SNR_5.0_1200_0samples_26ep_32bs_loss_plot.png

Model saved

Test Accuracy: 100.00%
Confusion matrix saved at /home/newfasant2/N101/N101-IA/Models/Classification_field_SvDA_POV_5.16_SNR_5.0_1200_0samples_26ep_32bs_confusion_matrix.png
0.0020847201347351076
Error medio de test:  tensor(0.0285, device='cuda:1')
Fin de la ejecuci贸n

2025-06-26 17:02:49,123 - INFO - 
Los argumentos son {'input_path': '/home/newfasant2/N101/N101-IA/Datasets/Reorganized/Classification_1200_0_16_f_16_d_POV_5.16_SNR_5.0', 'use_case': 'Classification', 'data_type': 'ISAR'}


Using cuda:1 device, ISAR data type, Classification use case and seed 10.


Epoch 1/26 completed in 1.22 seconds with a training error of 1.3864 a validation loss of 1.3867


Epoch 2/26 completed in 1.01 seconds with a training error of 1.3862 a validation loss of 1.3869


Epoch 3/26 completed in 1.00 seconds with a training error of 1.3860 a validation loss of 1.3872


Epoch 4/26 completed in 1.01 seconds with a training error of 1.3859 a validation loss of 1.3874


Epoch 5/26 completed in 1.00 seconds with a training error of 1.3858 a validation loss of 1.3876


Epoch 6/26 completed in 1.00 seconds with a training error of 1.3858 a validation loss of 1.3876


Epoch 7/26 completed in 1.00 seconds with a training error of 1.3857 a validation loss of 1.3877


Epoch 8/26 completed in 1.00 seconds with a training error of 1.3856 a validation loss of 1.3877


Epoch 9/26 completed in 1.00 seconds with a training error of 1.3852 a validation loss of 1.3880


Epoch 10/26 completed in 1.00 seconds with a training error of 1.3853 a validation loss of 1.3880


Epoch 11/26 completed in 1.00 seconds with a training error of 1.3854 a validation loss of 1.3879


Epoch 12/26 completed in 1.00 seconds with a training error of 1.3849 a validation loss of 1.3880


Epoch 13/26 completed in 1.00 seconds with a training error of 1.3850 a validation loss of 1.3878


Epoch 14/26 completed in 1.00 seconds with a training error of 1.3848 a validation loss of 1.3876


Epoch 15/26 completed in 1.02 seconds with a training error of 1.3845 a validation loss of 1.3874


Epoch 16/26 completed in 1.02 seconds with a training error of 1.3838 a validation loss of 1.3878


Epoch 17/26 completed in 1.01 seconds with a training error of 1.3838 a validation loss of 1.3877


Epoch 18/26 completed in 1.00 seconds with a training error of 1.3837 a validation loss of 1.3874


Epoch 19/26 completed in 1.00 seconds with a training error of 1.3838 a validation loss of 1.3868


Epoch 20/26 completed in 1.01 seconds with a training error of 1.3828 a validation loss of 1.3864


Epoch 21/26 completed in 1.00 seconds with a training error of 1.3825 a validation loss of 1.3858


Epoch 22/26 completed in 1.00 seconds with a training error of 1.3817 a validation loss of 1.3850


Epoch 23/26 completed in 1.00 seconds with a training error of 1.3806 a validation loss of 1.3841


Epoch 24/26 completed in 1.01 seconds with a training error of 1.3794 a validation loss of 1.3828


Epoch 25/26 completed in 1.01 seconds with a training error of 1.3773 a validation loss of 1.3811


Epoch 26/26 completed in 1.01 seconds with a training error of 1.3755 a validation loss of 1.3776

Entrenamiento completado

Loss plot saved at /home/newfasant2/N101/N101-IA/Models/Classification_ISAR_SvDA_POV_5.16_SNR_5.0_1200_0samples_26ep_32bs_loss_plot.png

Model saved

Test Accuracy: 24.44%
Confusion matrix saved at /home/newfasant2/N101/N101-IA/Models/Classification_ISAR_SvDA_POV_5.16_SNR_5.0_1200_0samples_26ep_32bs_confusion_matrix.png
0.0027266091770595975
Error medio de test:  tensor(1.3746, device='cuda:1')
Fin de la ejecuci贸n

2025-06-26 17:02:57,558 - INFO - 
Los argumentos son {'input_path': '/home/newfasant2/N101/N101-IA/Datasets/Reorganized/Classification_1200_0_16_f_16_d_POV_5.16_SNR_5.0', 'use_case': 'Classification', 'data_type': 'field_ph_npy'}


Using cuda:1 device, field_ph_npy data type, Classification use case and seed 10.


Epoch 1/26 completed in 0.46 seconds with a training error of 1.3852 a validation loss of 1.3853


Epoch 2/26 completed in 0.19 seconds with a training error of 1.3831 a validation loss of 1.3832


Epoch 3/26 completed in 0.19 seconds with a training error of 1.3809 a validation loss of 1.3812


Epoch 4/26 completed in 0.19 seconds with a training error of 1.3788 a validation loss of 1.3786


Epoch 5/26 completed in 0.21 seconds with a training error of 1.3760 a validation loss of 1.3755


Epoch 6/26 completed in 0.20 seconds with a training error of 1.3727 a validation loss of 1.3712


Epoch 7/26 completed in 0.19 seconds with a training error of 1.3684 a validation loss of 1.3658


Epoch 8/26 completed in 0.20 seconds with a training error of 1.3623 a validation loss of 1.3574


Epoch 9/26 completed in 0.19 seconds with a training error of 1.3533 a validation loss of 1.3460


Epoch 10/26 completed in 0.19 seconds with a training error of 1.3394 a validation loss of 1.3260


Epoch 11/26 completed in 0.19 seconds with a training error of 1.3150 a validation loss of 1.2882


Epoch 12/26 completed in 0.19 seconds with a training error of 1.2652 a validation loss of 1.2106


Epoch 13/26 completed in 0.20 seconds with a training error of 1.1398 a validation loss of 1.0087


Epoch 14/26 completed in 0.19 seconds with a training error of 0.9231 a validation loss of 0.8348


Epoch 15/26 completed in 0.19 seconds with a training error of 0.7668 a validation loss of 0.6462


Epoch 16/26 completed in 0.19 seconds with a training error of 0.6182 a validation loss of 0.9143


Epoch 17/26 completed in 0.19 seconds with a training error of 0.4671 a validation loss of 0.7438


Epoch 18/26 completed in 0.19 seconds with a training error of 0.3378 a validation loss of 0.3351


Epoch 19/26 completed in 0.20 seconds with a training error of 0.2235 a validation loss of 0.0926


Epoch 20/26 completed in 0.19 seconds with a training error of 0.0555 a validation loss of 0.0320


Epoch 21/26 completed in 0.20 seconds with a training error of 0.0274 a validation loss of 0.0209


Epoch 22/26 completed in 0.19 seconds with a training error of 0.0166 a validation loss of 0.0129


Epoch 23/26 completed in 0.19 seconds with a training error of 0.0208 a validation loss of 0.0092


Epoch 24/26 completed in 0.19 seconds with a training error of 0.4747 a validation loss of 0.3713


Epoch 25/26 completed in 0.20 seconds with a training error of 0.2591 a validation loss of 0.0651


Epoch 26/26 completed in 0.19 seconds with a training error of 0.0382 a validation loss of 0.0156

Entrenamiento completado

Loss plot saved at /home/newfasant2/N101/N101-IA/Models/Classification_field_ph_npy_SvDA_POV_5.16_SNR_5.0_1200_0samples_26ep_32bs_loss_plot.png

Model saved

Test Accuracy: 100.00%
Confusion matrix saved at /home/newfasant2/N101/N101-IA/Models/Classification_field_ph_npy_SvDA_POV_5.16_SNR_5.0_1200_0samples_26ep_32bs_confusion_matrix.png
0.0021174099710252548
Error medio de test:  tensor(0.0159, device='cuda:1')
Fin de la ejecuci贸n

