2025-06-27 12:38:07,539 - INFO - 
Los argumentos son {'input_path': '/home/newfasant2/N101/N101-IA/Datasets/Reorganized/Classification_1500_0_16_f_16_d_POV_5.16_SNR_5.0', 'use_case': 'Classification', 'data_type': 'npy', 'num_epochs': 17}


Using cuda:1 device, npy data type, Classification use case and seed 10.


Epoch 1/17 completed in 0.45 seconds with a training error of 1.0991 a validation loss of 1.0982


Epoch 2/17 completed in 0.21 seconds with a training error of 1.0987 a validation loss of 1.0987


Epoch 3/17 completed in 0.21 seconds with a training error of 1.0986 a validation loss of 1.0991


Epoch 4/17 completed in 0.22 seconds with a training error of 1.0985 a validation loss of 1.0994


Epoch 5/17 completed in 0.24 seconds with a training error of 1.0984 a validation loss of 1.0996


Epoch 6/17 completed in 0.24 seconds with a training error of 1.0983 a validation loss of 1.0999


Epoch 7/17 completed in 0.23 seconds with a training error of 1.0983 a validation loss of 1.1001


Epoch 8/17 completed in 0.24 seconds with a training error of 1.0982 a validation loss of 1.1003


Epoch 9/17 completed in 0.23 seconds with a training error of 1.0982 a validation loss of 1.1004


Epoch 10/17 completed in 0.24 seconds with a training error of 1.0982 a validation loss of 1.1005


Epoch 11/17 completed in 0.24 seconds with a training error of 1.0981 a validation loss of 1.1006


Epoch 12/17 completed in 0.23 seconds with a training error of 1.0980 a validation loss of 1.1007


Epoch 13/17 completed in 0.24 seconds with a training error of 1.0981 a validation loss of 1.1008


Epoch 14/17 completed in 0.23 seconds with a training error of 1.0979 a validation loss of 1.1008


Epoch 15/17 completed in 0.23 seconds with a training error of 1.0981 a validation loss of 1.1008


Epoch 16/17 completed in 0.23 seconds with a training error of 1.0979 a validation loss of 1.1009


Epoch 17/17 completed in 0.24 seconds with a training error of 1.0979 a validation loss of 1.1009

Entrenamiento completado

Loss plot saved at /home/newfasant2/N101/N101-IA/Models/Classification_npy_SvD_POV_5.16_SNR_5.0_1500_0samples_17ep_32bs_loss_plot.png

Model saved

Test Accuracy: 31.56%
Confusion matrix saved at /home/newfasant2/N101/N101-IA/Models/Classification_npy_SvD_POV_5.16_SNR_5.0_1500_0samples_17ep_32bs_confusion_matrix.png
Tiempo por sample: 0.001677 seconds
Error medio de test:  tensor(1.1000, device='cuda:1')
Fin de la ejecución

2025-06-27 12:38:14,829 - INFO - 
Los argumentos son {'input_path': '/home/newfasant2/N101/N101-IA/Datasets/Reorganized/Classification_1500_0_16_f_16_d_POV_5.16_SNR_5.0', 'use_case': 'Classification', 'data_type': 'field', 'num_epochs': 17}


Using cuda:1 device, field data type, Classification use case and seed 10.


Epoch 1/17 completed in 0.47 seconds with a training error of 1.0989 a validation loss of 1.0979


Epoch 2/17 completed in 0.22 seconds with a training error of 1.0978 a validation loss of 1.0978


Epoch 3/17 completed in 0.24 seconds with a training error of 1.0969 a validation loss of 1.0977


Epoch 4/17 completed in 0.24 seconds with a training error of 1.0962 a validation loss of 1.0974


Epoch 5/17 completed in 0.24 seconds with a training error of 1.0953 a validation loss of 1.0970


Epoch 6/17 completed in 0.23 seconds with a training error of 1.0943 a validation loss of 1.0965


Epoch 7/17 completed in 0.23 seconds with a training error of 1.0933 a validation loss of 1.0958


Epoch 8/17 completed in 0.23 seconds with a training error of 1.0920 a validation loss of 1.0948


Epoch 9/17 completed in 0.23 seconds with a training error of 1.0904 a validation loss of 1.0935


Epoch 10/17 completed in 0.23 seconds with a training error of 1.0886 a validation loss of 1.0915


Epoch 11/17 completed in 0.23 seconds with a training error of 1.0861 a validation loss of 1.0893


Epoch 12/17 completed in 0.23 seconds with a training error of 1.0828 a validation loss of 1.0861


Epoch 13/17 completed in 0.23 seconds with a training error of 1.0783 a validation loss of 1.0810


Epoch 14/17 completed in 0.23 seconds with a training error of 1.0714 a validation loss of 1.0742


Epoch 15/17 completed in 0.23 seconds with a training error of 1.0616 a validation loss of 1.0615


Epoch 16/17 completed in 0.23 seconds with a training error of 1.0432 a validation loss of 1.0404


Epoch 17/17 completed in 0.23 seconds with a training error of 1.0081 a validation loss of 0.9901

Entrenamiento completado

Loss plot saved at /home/newfasant2/N101/N101-IA/Models/Classification_field_SvD_POV_5.16_SNR_5.0_1500_0samples_17ep_32bs_loss_plot.png

Model saved

Test Accuracy: 80.44%
Confusion matrix saved at /home/newfasant2/N101/N101-IA/Models/Classification_field_SvD_POV_5.16_SNR_5.0_1500_0samples_17ep_32bs_confusion_matrix.png
Tiempo por sample: 0.001664 seconds
Error medio de test:  tensor(0.9836, device='cuda:1')
Fin de la ejecución

2025-06-27 12:38:39,809 - INFO - 
Los argumentos son {'input_path': '/home/newfasant2/N101/N101-IA/Datasets/Reorganized/Classification_1500_0_16_f_16_d_POV_5.16_SNR_5.0', 'use_case': 'Classification', 'data_type': 'ISAR', 'num_epochs': 17}


Using cuda:1 device, ISAR data type, Classification use case and seed 10.


Epoch 1/17 completed in 1.46 seconds with a training error of 1.0987 a validation loss of 1.0989


Epoch 2/17 completed in 1.24 seconds with a training error of 1.0983 a validation loss of 1.0991


Epoch 3/17 completed in 1.24 seconds with a training error of 1.0981 a validation loss of 1.0992


Epoch 4/17 completed in 1.24 seconds with a training error of 1.0980 a validation loss of 1.0993


Epoch 5/17 completed in 1.24 seconds with a training error of 1.0977 a validation loss of 1.0993


Epoch 6/17 completed in 1.29 seconds with a training error of 1.0975 a validation loss of 1.0993


Epoch 7/17 completed in 1.25 seconds with a training error of 1.0973 a validation loss of 1.0993


Epoch 8/17 completed in 1.25 seconds with a training error of 1.0970 a validation loss of 1.0991


Epoch 9/17 completed in 1.26 seconds with a training error of 1.0967 a validation loss of 1.0989


Epoch 10/17 completed in 1.27 seconds with a training error of 1.0963 a validation loss of 1.0985


Epoch 11/17 completed in 1.26 seconds with a training error of 1.0957 a validation loss of 1.0980


Epoch 12/17 completed in 1.26 seconds with a training error of 1.0950 a validation loss of 1.0973


Epoch 13/17 completed in 1.27 seconds with a training error of 1.0940 a validation loss of 1.0962


Epoch 14/17 completed in 1.26 seconds with a training error of 1.0925 a validation loss of 1.0945


Epoch 15/17 completed in 1.28 seconds with a training error of 1.0904 a validation loss of 1.0918


Epoch 16/17 completed in 1.26 seconds with a training error of 1.0866 a validation loss of 1.0872


Epoch 17/17 completed in 1.26 seconds with a training error of 1.0798 a validation loss of 1.0776

Entrenamiento completado

Loss plot saved at /home/newfasant2/N101/N101-IA/Models/Classification_ISAR_SvD_POV_5.16_SNR_5.0_1500_0samples_17ep_32bs_loss_plot.png

Model saved

Test Accuracy: 31.56%
Confusion matrix saved at /home/newfasant2/N101/N101-IA/Models/Classification_ISAR_SvD_POV_5.16_SNR_5.0_1500_0samples_17ep_32bs_confusion_matrix.png
Tiempo por sample: 0.002261 seconds
Error medio de test:  tensor(1.0766, device='cuda:1')
Fin de la ejecución

2025-06-27 12:38:48,236 - INFO - 
Los argumentos son {'input_path': '/home/newfasant2/N101/N101-IA/Datasets/Reorganized/Classification_1500_0_16_f_16_d_POV_5.16_SNR_5.0', 'use_case': 'Classification', 'data_type': 'field_ph_npy', 'num_epochs': 17}


Using cuda:1 device, field_ph_npy data type, Classification use case and seed 10.


Epoch 1/17 completed in 0.53 seconds with a training error of 1.0983 a validation loss of 1.0972


Epoch 2/17 completed in 0.28 seconds with a training error of 1.0964 a validation loss of 1.0967


Epoch 3/17 completed in 0.26 seconds with a training error of 1.0949 a validation loss of 1.0960


Epoch 4/17 completed in 0.26 seconds with a training error of 1.0933 a validation loss of 1.0949


Epoch 5/17 completed in 0.26 seconds with a training error of 1.0913 a validation loss of 1.0934


Epoch 6/17 completed in 0.26 seconds with a training error of 1.0889 a validation loss of 1.0917


Epoch 7/17 completed in 0.25 seconds with a training error of 1.0860 a validation loss of 1.0894


Epoch 8/17 completed in 0.28 seconds with a training error of 1.0821 a validation loss of 1.0854


Epoch 9/17 completed in 0.26 seconds with a training error of 1.0765 a validation loss of 1.0799


Epoch 10/17 completed in 0.26 seconds with a training error of 1.0683 a validation loss of 1.0701


Epoch 11/17 completed in 0.26 seconds with a training error of 1.0552 a validation loss of 1.0559


Epoch 12/17 completed in 0.27 seconds with a training error of 1.0306 a validation loss of 1.0259


Epoch 13/17 completed in 0.23 seconds with a training error of 0.9773 a validation loss of 0.9409


Epoch 14/17 completed in 0.23 seconds with a training error of 0.8362 a validation loss of 0.6914


Epoch 15/17 completed in 0.23 seconds with a training error of 0.5140 a validation loss of 1.2039


Epoch 16/17 completed in 0.23 seconds with a training error of 0.1322 a validation loss of 0.0428


Epoch 17/17 completed in 0.23 seconds with a training error of 0.0276 a validation loss of 0.0155

Entrenamiento completado

Loss plot saved at /home/newfasant2/N101/N101-IA/Models/Classification_field_ph_npy_SvD_POV_5.16_SNR_5.0_1500_0samples_17ep_32bs_loss_plot.png

Model saved

Test Accuracy: 100.00%
Confusion matrix saved at /home/newfasant2/N101/N101-IA/Models/Classification_field_ph_npy_SvD_POV_5.16_SNR_5.0_1500_0samples_17ep_32bs_confusion_matrix.png
Tiempo por sample: 0.001822 seconds
Error medio de test:  tensor(0.0145, device='cuda:1')
Fin de la ejecución

2025-06-27 12:38:57,201 - INFO - 
Los argumentos son {'input_path': '/home/newfasant2/N101/N101-IA/Datasets/Reorganized/Classification_1500_0_16_f_16_d_POV_5.16_SNR_5.0', 'use_case': 'Classification', 'data_type': 'npy', 'num_epochs': 21}


Using cuda:1 device, npy data type, Classification use case and seed 10.


Epoch 1/21 completed in 0.51 seconds with a training error of 1.0991 a validation loss of 1.0982


Epoch 2/21 completed in 0.25 seconds with a training error of 1.0987 a validation loss of 1.0987


Epoch 3/21 completed in 0.27 seconds with a training error of 1.0986 a validation loss of 1.0991


Epoch 4/21 completed in 0.25 seconds with a training error of 1.0985 a validation loss of 1.0994


Epoch 5/21 completed in 0.23 seconds with a training error of 1.0984 a validation loss of 1.0996


Epoch 6/21 completed in 0.23 seconds with a training error of 1.0983 a validation loss of 1.0999


Epoch 7/21 completed in 0.23 seconds with a training error of 1.0983 a validation loss of 1.1001


Epoch 8/21 completed in 0.23 seconds with a training error of 1.0982 a validation loss of 1.1003


Epoch 9/21 completed in 0.23 seconds with a training error of 1.0982 a validation loss of 1.1004


Epoch 10/21 completed in 0.22 seconds with a training error of 1.0982 a validation loss of 1.1005


Epoch 11/21 completed in 0.23 seconds with a training error of 1.0981 a validation loss of 1.1006


Epoch 12/21 completed in 0.24 seconds with a training error of 1.0980 a validation loss of 1.1007


Epoch 13/21 completed in 0.23 seconds with a training error of 1.0981 a validation loss of 1.1008


Epoch 14/21 completed in 0.24 seconds with a training error of 1.0979 a validation loss of 1.1008


Epoch 15/21 completed in 0.23 seconds with a training error of 1.0981 a validation loss of 1.1008


Epoch 16/21 completed in 0.23 seconds with a training error of 1.0979 a validation loss of 1.1009


Epoch 17/21 completed in 0.23 seconds with a training error of 1.0979 a validation loss of 1.1009


Epoch 18/21 completed in 0.25 seconds with a training error of 1.0980 a validation loss of 1.1009


Epoch 19/21 completed in 0.23 seconds with a training error of 1.0979 a validation loss of 1.1009


Epoch 20/21 completed in 0.24 seconds with a training error of 1.0979 a validation loss of 1.1009


Epoch 21/21 completed in 0.23 seconds with a training error of 1.0978 a validation loss of 1.1009

Entrenamiento completado

Loss plot saved at /home/newfasant2/N101/N101-IA/Models/Classification_npy_SvD_POV_5.16_SNR_5.0_1500_0samples_21ep_32bs_loss_plot.png

Model saved

Test Accuracy: 31.56%
Confusion matrix saved at /home/newfasant2/N101/N101-IA/Models/Classification_npy_SvD_POV_5.16_SNR_5.0_1500_0samples_21ep_32bs_confusion_matrix.png
Tiempo por sample: 0.001723 seconds
Error medio de test:  tensor(1.0999, device='cuda:1')
Fin de la ejecución

2025-06-27 12:39:06,201 - INFO - 
Los argumentos son {'input_path': '/home/newfasant2/N101/N101-IA/Datasets/Reorganized/Classification_1500_0_16_f_16_d_POV_5.16_SNR_5.0', 'use_case': 'Classification', 'data_type': 'field', 'num_epochs': 21}


Using cuda:1 device, field data type, Classification use case and seed 10.


Epoch 1/21 completed in 0.49 seconds with a training error of 1.0989 a validation loss of 1.0979


Epoch 2/21 completed in 0.25 seconds with a training error of 1.0978 a validation loss of 1.0978


Epoch 3/21 completed in 0.25 seconds with a training error of 1.0969 a validation loss of 1.0977


Epoch 4/21 completed in 0.25 seconds with a training error of 1.0962 a validation loss of 1.0974


Epoch 5/21 completed in 0.23 seconds with a training error of 1.0953 a validation loss of 1.0970


Epoch 6/21 completed in 0.23 seconds with a training error of 1.0943 a validation loss of 1.0965


Epoch 7/21 completed in 0.23 seconds with a training error of 1.0933 a validation loss of 1.0958


Epoch 8/21 completed in 0.24 seconds with a training error of 1.0920 a validation loss of 1.0948


Epoch 9/21 completed in 0.23 seconds with a training error of 1.0904 a validation loss of 1.0935


Epoch 10/21 completed in 0.24 seconds with a training error of 1.0886 a validation loss of 1.0915


Epoch 11/21 completed in 0.24 seconds with a training error of 1.0861 a validation loss of 1.0893


Epoch 12/21 completed in 0.23 seconds with a training error of 1.0828 a validation loss of 1.0861


Epoch 13/21 completed in 0.23 seconds with a training error of 1.0783 a validation loss of 1.0810


Epoch 14/21 completed in 0.24 seconds with a training error of 1.0714 a validation loss of 1.0742


Epoch 15/21 completed in 0.25 seconds with a training error of 1.0616 a validation loss of 1.0615


Epoch 16/21 completed in 0.25 seconds with a training error of 1.0432 a validation loss of 1.0404


Epoch 17/21 completed in 0.23 seconds with a training error of 1.0081 a validation loss of 0.9901


Epoch 18/21 completed in 0.23 seconds with a training error of 0.9230 a validation loss of 0.8748


Epoch 19/21 completed in 0.25 seconds with a training error of 0.7761 a validation loss of 0.7336


Epoch 20/21 completed in 0.25 seconds with a training error of 0.6068 a validation loss of 0.3228


Epoch 21/21 completed in 0.26 seconds with a training error of 0.1999 a validation loss of 0.0647

Entrenamiento completado

Loss plot saved at /home/newfasant2/N101/N101-IA/Models/Classification_field_SvD_POV_5.16_SNR_5.0_1500_0samples_21ep_32bs_loss_plot.png

Model saved

Test Accuracy: 100.00%
Confusion matrix saved at /home/newfasant2/N101/N101-IA/Models/Classification_field_SvD_POV_5.16_SNR_5.0_1500_0samples_21ep_32bs_confusion_matrix.png
Tiempo por sample: 0.001849 seconds
Error medio de test:  tensor(0.0566, device='cuda:1')
Fin de la ejecución

2025-06-27 12:39:36,529 - INFO - 
Los argumentos son {'input_path': '/home/newfasant2/N101/N101-IA/Datasets/Reorganized/Classification_1500_0_16_f_16_d_POV_5.16_SNR_5.0', 'use_case': 'Classification', 'data_type': 'ISAR', 'num_epochs': 21}


Using cuda:1 device, ISAR data type, Classification use case and seed 10.


Epoch 1/21 completed in 1.49 seconds with a training error of 1.0987 a validation loss of 1.0989


Epoch 2/21 completed in 1.26 seconds with a training error of 1.0983 a validation loss of 1.0991


Epoch 3/21 completed in 1.27 seconds with a training error of 1.0981 a validation loss of 1.0992


Epoch 4/21 completed in 1.26 seconds with a training error of 1.0980 a validation loss of 1.0993


Epoch 5/21 completed in 1.26 seconds with a training error of 1.0977 a validation loss of 1.0993


Epoch 6/21 completed in 1.26 seconds with a training error of 1.0975 a validation loss of 1.0993


Epoch 7/21 completed in 1.26 seconds with a training error of 1.0973 a validation loss of 1.0993


Epoch 8/21 completed in 1.25 seconds with a training error of 1.0970 a validation loss of 1.0991


Epoch 9/21 completed in 1.26 seconds with a training error of 1.0967 a validation loss of 1.0989


Epoch 10/21 completed in 1.25 seconds with a training error of 1.0963 a validation loss of 1.0985


Epoch 11/21 completed in 1.25 seconds with a training error of 1.0957 a validation loss of 1.0980


Epoch 12/21 completed in 1.26 seconds with a training error of 1.0950 a validation loss of 1.0973


Epoch 13/21 completed in 1.26 seconds with a training error of 1.0940 a validation loss of 1.0962


Epoch 14/21 completed in 1.26 seconds with a training error of 1.0925 a validation loss of 1.0945


Epoch 15/21 completed in 1.26 seconds with a training error of 1.0904 a validation loss of 1.0918


Epoch 16/21 completed in 1.25 seconds with a training error of 1.0866 a validation loss of 1.0872


Epoch 17/21 completed in 1.26 seconds with a training error of 1.0798 a validation loss of 1.0776


Epoch 18/21 completed in 1.26 seconds with a training error of 1.0652 a validation loss of 1.0554


Epoch 19/21 completed in 1.27 seconds with a training error of 1.0235 a validation loss of 0.9791


Epoch 20/21 completed in 1.27 seconds with a training error of 0.7230 a validation loss of 0.2192


Epoch 21/21 completed in 1.27 seconds with a training error of 0.0543 a validation loss of 0.0118

Entrenamiento completado

Loss plot saved at /home/newfasant2/N101/N101-IA/Models/Classification_ISAR_SvD_POV_5.16_SNR_5.0_1500_0samples_21ep_32bs_loss_plot.png

Model saved

Test Accuracy: 100.00%
Confusion matrix saved at /home/newfasant2/N101/N101-IA/Models/Classification_ISAR_SvD_POV_5.16_SNR_5.0_1500_0samples_21ep_32bs_confusion_matrix.png
Tiempo por sample: 0.002213 seconds
Error medio de test:  tensor(0.0123, device='cuda:1')
Fin de la ejecución

2025-06-27 12:39:45,073 - INFO - 
Los argumentos son {'input_path': '/home/newfasant2/N101/N101-IA/Datasets/Reorganized/Classification_1500_0_16_f_16_d_POV_5.16_SNR_5.0', 'use_case': 'Classification', 'data_type': 'field_ph_npy', 'num_epochs': 21}


Using cuda:1 device, field_ph_npy data type, Classification use case and seed 10.


Epoch 1/21 completed in 0.49 seconds with a training error of 1.0983 a validation loss of 1.0972


Epoch 2/21 completed in 0.24 seconds with a training error of 1.0964 a validation loss of 1.0967


Epoch 3/21 completed in 0.23 seconds with a training error of 1.0949 a validation loss of 1.0960


Epoch 4/21 completed in 0.23 seconds with a training error of 1.0933 a validation loss of 1.0949


Epoch 5/21 completed in 0.22 seconds with a training error of 1.0913 a validation loss of 1.0934


Epoch 6/21 completed in 0.21 seconds with a training error of 1.0889 a validation loss of 1.0917


Epoch 7/21 completed in 0.23 seconds with a training error of 1.0860 a validation loss of 1.0894


Epoch 8/21 completed in 0.22 seconds with a training error of 1.0821 a validation loss of 1.0854


Epoch 9/21 completed in 0.22 seconds with a training error of 1.0765 a validation loss of 1.0799


Epoch 10/21 completed in 0.22 seconds with a training error of 1.0683 a validation loss of 1.0701


Epoch 11/21 completed in 0.23 seconds with a training error of 1.0552 a validation loss of 1.0559


Epoch 12/21 completed in 0.22 seconds with a training error of 1.0306 a validation loss of 1.0259


Epoch 13/21 completed in 0.22 seconds with a training error of 0.9773 a validation loss of 0.9409


Epoch 14/21 completed in 0.22 seconds with a training error of 0.8362 a validation loss of 0.6914


Epoch 15/21 completed in 0.22 seconds with a training error of 0.5140 a validation loss of 1.2039


Epoch 16/21 completed in 0.22 seconds with a training error of 0.1322 a validation loss of 0.0428


Epoch 17/21 completed in 0.22 seconds with a training error of 0.0276 a validation loss of 0.0155


Epoch 18/21 completed in 0.22 seconds with a training error of 0.0113 a validation loss of 0.0105


Epoch 19/21 completed in 0.22 seconds with a training error of 0.0073 a validation loss of 0.0067


Epoch 20/21 completed in 0.22 seconds with a training error of 0.0049 a validation loss of 0.0046


Epoch 21/21 completed in 0.22 seconds with a training error of 0.0036 a validation loss of 0.0038

Entrenamiento completado

Loss plot saved at /home/newfasant2/N101/N101-IA/Models/Classification_field_ph_npy_SvD_POV_5.16_SNR_5.0_1500_0samples_21ep_32bs_loss_plot.png

Model saved

Test Accuracy: 100.00%
Confusion matrix saved at /home/newfasant2/N101/N101-IA/Models/Classification_field_ph_npy_SvD_POV_5.16_SNR_5.0_1500_0samples_21ep_32bs_confusion_matrix.png
Tiempo por sample: 0.001731 seconds
Error medio de test:  tensor(0.0032, device='cuda:1')
Fin de la ejecución

2025-06-27 12:39:53,950 - INFO - 
Los argumentos son {'input_path': '/home/newfasant2/N101/N101-IA/Datasets/Reorganized/Classification_1500_0_16_f_16_d_POV_5.16_SNR_5.0', 'use_case': 'Classification', 'data_type': 'npy', 'num_epochs': 21}


Using cuda:1 device, npy data type, Classification use case and seed 10.


Epoch 1/21 completed in 0.50 seconds with a training error of 1.0991 a validation loss of 1.0982


Epoch 2/21 completed in 0.24 seconds with a training error of 1.0987 a validation loss of 1.0987


Epoch 3/21 completed in 0.24 seconds with a training error of 1.0986 a validation loss of 1.0991


Epoch 4/21 completed in 0.23 seconds with a training error of 1.0985 a validation loss of 1.0994


Epoch 5/21 completed in 0.23 seconds with a training error of 1.0984 a validation loss of 1.0996


Epoch 6/21 completed in 0.23 seconds with a training error of 1.0983 a validation loss of 1.0999


Epoch 7/21 completed in 0.23 seconds with a training error of 1.0983 a validation loss of 1.1001


Epoch 8/21 completed in 0.23 seconds with a training error of 1.0982 a validation loss of 1.1003


Epoch 9/21 completed in 0.24 seconds with a training error of 1.0982 a validation loss of 1.1004


Epoch 10/21 completed in 0.24 seconds with a training error of 1.0982 a validation loss of 1.1005


Epoch 11/21 completed in 0.24 seconds with a training error of 1.0981 a validation loss of 1.1006


Epoch 12/21 completed in 0.23 seconds with a training error of 1.0980 a validation loss of 1.1007


Epoch 13/21 completed in 0.24 seconds with a training error of 1.0981 a validation loss of 1.1008


Epoch 14/21 completed in 0.24 seconds with a training error of 1.0979 a validation loss of 1.1008


Epoch 15/21 completed in 0.24 seconds with a training error of 1.0981 a validation loss of 1.1008


Epoch 16/21 completed in 0.24 seconds with a training error of 1.0979 a validation loss of 1.1009


Epoch 17/21 completed in 0.25 seconds with a training error of 1.0979 a validation loss of 1.1009


Epoch 18/21 completed in 0.24 seconds with a training error of 1.0980 a validation loss of 1.1009


Epoch 19/21 completed in 0.24 seconds with a training error of 1.0979 a validation loss of 1.1009


Epoch 20/21 completed in 0.24 seconds with a training error of 1.0979 a validation loss of 1.1009


Epoch 21/21 completed in 0.24 seconds with a training error of 1.0978 a validation loss of 1.1009

Entrenamiento completado

Loss plot saved at /home/newfasant2/N101/N101-IA/Models/Classification_npy_SvD_POV_5.16_SNR_5.0_1500_0samples_21ep_32bs_loss_plot.png

Model saved

Test Accuracy: 31.56%
Confusion matrix saved at /home/newfasant2/N101/N101-IA/Models/Classification_npy_SvD_POV_5.16_SNR_5.0_1500_0samples_21ep_32bs_confusion_matrix.png
Tiempo por sample: 0.001798 seconds
Error medio de test:  tensor(1.0999, device='cuda:1')
Fin de la ejecución

2025-06-27 12:40:02,784 - INFO - 
Los argumentos son {'input_path': '/home/newfasant2/N101/N101-IA/Datasets/Reorganized/Classification_1500_0_16_f_16_d_POV_5.16_SNR_5.0', 'use_case': 'Classification', 'data_type': 'field', 'num_epochs': 21}


Using cuda:1 device, field data type, Classification use case and seed 10.


Epoch 1/21 completed in 0.51 seconds with a training error of 1.0989 a validation loss of 1.0979


Epoch 2/21 completed in 0.24 seconds with a training error of 1.0978 a validation loss of 1.0978


Epoch 3/21 completed in 0.24 seconds with a training error of 1.0969 a validation loss of 1.0977


Epoch 4/21 completed in 0.24 seconds with a training error of 1.0962 a validation loss of 1.0974


Epoch 5/21 completed in 0.24 seconds with a training error of 1.0953 a validation loss of 1.0970


Epoch 6/21 completed in 0.24 seconds with a training error of 1.0943 a validation loss of 1.0965


Epoch 7/21 completed in 0.24 seconds with a training error of 1.0933 a validation loss of 1.0958


Epoch 8/21 completed in 0.22 seconds with a training error of 1.0920 a validation loss of 1.0948


Epoch 9/21 completed in 0.23 seconds with a training error of 1.0904 a validation loss of 1.0935


Epoch 10/21 completed in 0.24 seconds with a training error of 1.0886 a validation loss of 1.0915


Epoch 11/21 completed in 0.24 seconds with a training error of 1.0861 a validation loss of 1.0893


Epoch 12/21 completed in 0.23 seconds with a training error of 1.0828 a validation loss of 1.0861


Epoch 13/21 completed in 0.23 seconds with a training error of 1.0783 a validation loss of 1.0810


Epoch 14/21 completed in 0.24 seconds with a training error of 1.0714 a validation loss of 1.0742


Epoch 15/21 completed in 0.24 seconds with a training error of 1.0616 a validation loss of 1.0615


Epoch 16/21 completed in 0.24 seconds with a training error of 1.0432 a validation loss of 1.0404


Epoch 17/21 completed in 0.24 seconds with a training error of 1.0081 a validation loss of 0.9901


Epoch 18/21 completed in 0.25 seconds with a training error of 0.9230 a validation loss of 0.8748


Epoch 19/21 completed in 0.24 seconds with a training error of 0.7761 a validation loss of 0.7336


Epoch 20/21 completed in 0.22 seconds with a training error of 0.6068 a validation loss of 0.3228


Epoch 21/21 completed in 0.23 seconds with a training error of 0.1999 a validation loss of 0.0647

Entrenamiento completado

Loss plot saved at /home/newfasant2/N101/N101-IA/Models/Classification_field_SvD_POV_5.16_SNR_5.0_1500_0samples_21ep_32bs_loss_plot.png

Model saved

Test Accuracy: 100.00%
Confusion matrix saved at /home/newfasant2/N101/N101-IA/Models/Classification_field_SvD_POV_5.16_SNR_5.0_1500_0samples_21ep_32bs_confusion_matrix.png
Tiempo por sample: 0.001779 seconds
Error medio de test:  tensor(0.0566, device='cuda:1')
Fin de la ejecución

2025-06-27 12:40:33,876 - INFO - 
Los argumentos son {'input_path': '/home/newfasant2/N101/N101-IA/Datasets/Reorganized/Classification_1500_0_16_f_16_d_POV_5.16_SNR_5.0', 'use_case': 'Classification', 'data_type': 'ISAR', 'num_epochs': 21}


Using cuda:1 device, ISAR data type, Classification use case and seed 10.


Epoch 1/21 completed in 1.54 seconds with a training error of 1.0987 a validation loss of 1.0989


Epoch 2/21 completed in 1.29 seconds with a training error of 1.0983 a validation loss of 1.0991


Epoch 3/21 completed in 1.28 seconds with a training error of 1.0981 a validation loss of 1.0992


Epoch 4/21 completed in 1.28 seconds with a training error of 1.0980 a validation loss of 1.0993


Epoch 5/21 completed in 1.29 seconds with a training error of 1.0977 a validation loss of 1.0993


Epoch 6/21 completed in 1.29 seconds with a training error of 1.0975 a validation loss of 1.0993


Epoch 7/21 completed in 1.29 seconds with a training error of 1.0973 a validation loss of 1.0993


Epoch 8/21 completed in 1.29 seconds with a training error of 1.0970 a validation loss of 1.0991


Epoch 9/21 completed in 1.29 seconds with a training error of 1.0967 a validation loss of 1.0989


Epoch 10/21 completed in 1.29 seconds with a training error of 1.0963 a validation loss of 1.0985


Epoch 11/21 completed in 1.28 seconds with a training error of 1.0957 a validation loss of 1.0980


Epoch 12/21 completed in 1.29 seconds with a training error of 1.0950 a validation loss of 1.0973


Epoch 13/21 completed in 1.29 seconds with a training error of 1.0940 a validation loss of 1.0962


Epoch 14/21 completed in 1.28 seconds with a training error of 1.0925 a validation loss of 1.0945


Epoch 15/21 completed in 1.29 seconds with a training error of 1.0904 a validation loss of 1.0918


Epoch 16/21 completed in 1.30 seconds with a training error of 1.0866 a validation loss of 1.0872


Epoch 17/21 completed in 1.32 seconds with a training error of 1.0798 a validation loss of 1.0776


Epoch 18/21 completed in 1.29 seconds with a training error of 1.0652 a validation loss of 1.0554


Epoch 19/21 completed in 1.28 seconds with a training error of 1.0235 a validation loss of 0.9791


Epoch 20/21 completed in 1.28 seconds with a training error of 0.7230 a validation loss of 0.2192


Epoch 21/21 completed in 1.28 seconds with a training error of 0.0543 a validation loss of 0.0118

Entrenamiento completado

Loss plot saved at /home/newfasant2/N101/N101-IA/Models/Classification_ISAR_SvD_POV_5.16_SNR_5.0_1500_0samples_21ep_32bs_loss_plot.png

Model saved

Test Accuracy: 100.00%
Confusion matrix saved at /home/newfasant2/N101/N101-IA/Models/Classification_ISAR_SvD_POV_5.16_SNR_5.0_1500_0samples_21ep_32bs_confusion_matrix.png
Tiempo por sample: 0.002211 seconds
Error medio de test:  tensor(0.0123, device='cuda:1')
Fin de la ejecución

2025-06-27 12:40:42,855 - INFO - 
Los argumentos son {'input_path': '/home/newfasant2/N101/N101-IA/Datasets/Reorganized/Classification_1500_0_16_f_16_d_POV_5.16_SNR_5.0', 'use_case': 'Classification', 'data_type': 'field_ph_npy', 'num_epochs': 21}


Using cuda:1 device, field_ph_npy data type, Classification use case and seed 10.


Epoch 1/21 completed in 0.53 seconds with a training error of 1.0983 a validation loss of 1.0972


Epoch 2/21 completed in 0.24 seconds with a training error of 1.0964 a validation loss of 1.0967


Epoch 3/21 completed in 0.24 seconds with a training error of 1.0949 a validation loss of 1.0960


Epoch 4/21 completed in 0.24 seconds with a training error of 1.0933 a validation loss of 1.0949


Epoch 5/21 completed in 0.24 seconds with a training error of 1.0913 a validation loss of 1.0934


Epoch 6/21 completed in 0.24 seconds with a training error of 1.0889 a validation loss of 1.0917


Epoch 7/21 completed in 0.24 seconds with a training error of 1.0860 a validation loss of 1.0894


Epoch 8/21 completed in 0.24 seconds with a training error of 1.0821 a validation loss of 1.0854


Epoch 9/21 completed in 0.24 seconds with a training error of 1.0765 a validation loss of 1.0799


Epoch 10/21 completed in 0.24 seconds with a training error of 1.0683 a validation loss of 1.0701


Epoch 11/21 completed in 0.24 seconds with a training error of 1.0552 a validation loss of 1.0559


Epoch 12/21 completed in 0.24 seconds with a training error of 1.0306 a validation loss of 1.0259


Epoch 13/21 completed in 0.24 seconds with a training error of 0.9773 a validation loss of 0.9409


Epoch 14/21 completed in 0.24 seconds with a training error of 0.8362 a validation loss of 0.6914


Epoch 15/21 completed in 0.24 seconds with a training error of 0.5140 a validation loss of 1.2039


Epoch 16/21 completed in 0.25 seconds with a training error of 0.1322 a validation loss of 0.0428


Epoch 17/21 completed in 0.23 seconds with a training error of 0.0276 a validation loss of 0.0155


Epoch 18/21 completed in 0.25 seconds with a training error of 0.0113 a validation loss of 0.0105


Epoch 19/21 completed in 0.24 seconds with a training error of 0.0073 a validation loss of 0.0067


Epoch 20/21 completed in 0.24 seconds with a training error of 0.0049 a validation loss of 0.0046


Epoch 21/21 completed in 0.24 seconds with a training error of 0.0036 a validation loss of 0.0038

Entrenamiento completado

Loss plot saved at /home/newfasant2/N101/N101-IA/Models/Classification_field_ph_npy_SvD_POV_5.16_SNR_5.0_1500_0samples_21ep_32bs_loss_plot.png

Model saved

Test Accuracy: 100.00%
Confusion matrix saved at /home/newfasant2/N101/N101-IA/Models/Classification_field_ph_npy_SvD_POV_5.16_SNR_5.0_1500_0samples_21ep_32bs_confusion_matrix.png
Tiempo por sample: 0.001798 seconds
Error medio de test:  tensor(0.0032, device='cuda:1')
Fin de la ejecución

2025-06-27 12:41:12,692 - INFO - 
Los argumentos son {'input_path': '/home/newfasant2/N101/N101-IA/Datasets/Reorganized/Classification_1500_0_16_f_16_d_POV_5.16_SNR_5.0', 'use_case': 'Classification', 'data_type': 'npy', 'num_epochs': 109}


Using cuda:1 device, npy data type, Classification use case and seed 10.


Epoch 1/109 completed in 0.51 seconds with a training error of 1.0991 a validation loss of 1.0982


Epoch 2/109 completed in 0.24 seconds with a training error of 1.0987 a validation loss of 1.0987


Epoch 3/109 completed in 0.24 seconds with a training error of 1.0986 a validation loss of 1.0991


Epoch 4/109 completed in 0.25 seconds with a training error of 1.0985 a validation loss of 1.0994


Epoch 5/109 completed in 0.24 seconds with a training error of 1.0984 a validation loss of 1.0996


Epoch 6/109 completed in 0.24 seconds with a training error of 1.0983 a validation loss of 1.0999


Epoch 7/109 completed in 0.24 seconds with a training error of 1.0983 a validation loss of 1.1001


Epoch 8/109 completed in 0.24 seconds with a training error of 1.0982 a validation loss of 1.1003


Epoch 9/109 completed in 0.24 seconds with a training error of 1.0982 a validation loss of 1.1004


Epoch 10/109 completed in 0.23 seconds with a training error of 1.0982 a validation loss of 1.1005


Epoch 11/109 completed in 0.24 seconds with a training error of 1.0981 a validation loss of 1.1006


Epoch 12/109 completed in 0.23 seconds with a training error of 1.0980 a validation loss of 1.1007


Epoch 13/109 completed in 0.25 seconds with a training error of 1.0981 a validation loss of 1.1008


Epoch 14/109 completed in 0.24 seconds with a training error of 1.0979 a validation loss of 1.1008


Epoch 15/109 completed in 0.24 seconds with a training error of 1.0981 a validation loss of 1.1008


Epoch 16/109 completed in 0.26 seconds with a training error of 1.0979 a validation loss of 1.1009


Epoch 17/109 completed in 0.23 seconds with a training error of 1.0979 a validation loss of 1.1009


Epoch 18/109 completed in 0.24 seconds with a training error of 1.0980 a validation loss of 1.1009


Epoch 19/109 completed in 0.24 seconds with a training error of 1.0979 a validation loss of 1.1009


Epoch 20/109 completed in 0.24 seconds with a training error of 1.0979 a validation loss of 1.1009


Epoch 21/109 completed in 0.24 seconds with a training error of 1.0978 a validation loss of 1.1009


Epoch 22/109 completed in 0.27 seconds with a training error of 1.0978 a validation loss of 1.1009


Epoch 23/109 completed in 0.28 seconds with a training error of 1.0977 a validation loss of 1.1009


Epoch 24/109 completed in 0.28 seconds with a training error of 1.0977 a validation loss of 1.1008


Epoch 25/109 completed in 0.25 seconds with a training error of 1.0977 a validation loss of 1.1008


Epoch 26/109 completed in 0.23 seconds with a training error of 1.0977 a validation loss of 1.1009


Epoch 27/109 completed in 0.24 seconds with a training error of 1.0977 a validation loss of 1.1008


Epoch 28/109 completed in 0.24 seconds with a training error of 1.0976 a validation loss of 1.1009


Epoch 29/109 completed in 0.24 seconds with a training error of 1.0975 a validation loss of 1.1008


Epoch 30/109 completed in 0.24 seconds with a training error of 1.0975 a validation loss of 1.1008


Epoch 31/109 completed in 0.24 seconds with a training error of 1.0975 a validation loss of 1.1008


Epoch 32/109 completed in 0.24 seconds with a training error of 1.0974 a validation loss of 1.1007


Epoch 33/109 completed in 0.23 seconds with a training error of 1.0974 a validation loss of 1.1006


Epoch 34/109 completed in 0.23 seconds with a training error of 1.0973 a validation loss of 1.1006


Epoch 35/109 completed in 0.23 seconds with a training error of 1.0973 a validation loss of 1.1005


Epoch 36/109 completed in 0.23 seconds with a training error of 1.0972 a validation loss of 1.1005


Epoch 37/109 completed in 0.24 seconds with a training error of 1.0971 a validation loss of 1.1005


Epoch 38/109 completed in 0.24 seconds with a training error of 1.0970 a validation loss of 1.1004


Epoch 39/109 completed in 0.23 seconds with a training error of 1.0970 a validation loss of 1.1004


Epoch 40/109 completed in 0.24 seconds with a training error of 1.0969 a validation loss of 1.1003


Epoch 41/109 completed in 0.24 seconds with a training error of 1.0968 a validation loss of 1.1002


Epoch 42/109 completed in 0.23 seconds with a training error of 1.0967 a validation loss of 1.1002


Epoch 43/109 completed in 0.24 seconds with a training error of 1.0966 a validation loss of 1.1000


Epoch 44/109 completed in 0.24 seconds with a training error of 1.0965 a validation loss of 1.1000


Epoch 45/109 completed in 0.24 seconds with a training error of 1.0964 a validation loss of 1.0999


Epoch 46/109 completed in 0.24 seconds with a training error of 1.0963 a validation loss of 1.0997


Epoch 47/109 completed in 0.24 seconds with a training error of 1.0962 a validation loss of 1.0997


Epoch 48/109 completed in 0.24 seconds with a training error of 1.0960 a validation loss of 1.0995


Epoch 49/109 completed in 0.24 seconds with a training error of 1.0959 a validation loss of 1.0995


Epoch 50/109 completed in 0.24 seconds with a training error of 1.0957 a validation loss of 1.0992


Epoch 51/109 completed in 0.23 seconds with a training error of 1.0955 a validation loss of 1.0990


Epoch 52/109 completed in 0.23 seconds with a training error of 1.0952 a validation loss of 1.0988


Epoch 53/109 completed in 0.23 seconds with a training error of 1.0949 a validation loss of 1.0986


Epoch 54/109 completed in 0.22 seconds with a training error of 1.0946 a validation loss of 1.0984


Epoch 55/109 completed in 0.22 seconds with a training error of 1.0944 a validation loss of 1.0982


Epoch 56/109 completed in 0.24 seconds with a training error of 1.0940 a validation loss of 1.0979


Epoch 57/109 completed in 0.24 seconds with a training error of 1.0936 a validation loss of 1.0974


Epoch 58/109 completed in 0.23 seconds with a training error of 1.0931 a validation loss of 1.0970


Epoch 59/109 completed in 0.23 seconds with a training error of 1.0926 a validation loss of 1.0965


Epoch 60/109 completed in 0.24 seconds with a training error of 1.0919 a validation loss of 1.0959


Epoch 61/109 completed in 0.23 seconds with a training error of 1.0911 a validation loss of 1.0952


Epoch 62/109 completed in 0.24 seconds with a training error of 1.0902 a validation loss of 1.0943


Epoch 63/109 completed in 0.24 seconds with a training error of 1.0890 a validation loss of 1.0933


Epoch 64/109 completed in 0.24 seconds with a training error of 1.0876 a validation loss of 1.0920


Epoch 65/109 completed in 0.24 seconds with a training error of 1.0858 a validation loss of 1.0904


Epoch 66/109 completed in 0.24 seconds with a training error of 1.0836 a validation loss of 1.0882


Epoch 67/109 completed in 0.24 seconds with a training error of 1.0807 a validation loss of 1.0855


Epoch 68/109 completed in 0.24 seconds with a training error of 1.0769 a validation loss of 1.0813


Epoch 69/109 completed in 0.24 seconds with a training error of 1.0717 a validation loss of 1.0762


Epoch 70/109 completed in 0.24 seconds with a training error of 1.0643 a validation loss of 1.0681


Epoch 71/109 completed in 0.23 seconds with a training error of 1.0537 a validation loss of 1.0563


Epoch 72/109 completed in 0.25 seconds with a training error of 1.0370 a validation loss of 1.0368


Epoch 73/109 completed in 0.24 seconds with a training error of 1.0101 a validation loss of 1.0048


Epoch 74/109 completed in 0.23 seconds with a training error of 0.9626 a validation loss of 0.9454


Epoch 75/109 completed in 0.24 seconds with a training error of 0.8822 a validation loss of 0.8512


Epoch 76/109 completed in 0.23 seconds with a training error of 0.7850 a validation loss of 0.7531


Epoch 77/109 completed in 0.24 seconds with a training error of 0.7090 a validation loss of 0.6851


Epoch 78/109 completed in 0.24 seconds with a training error of 0.6522 a validation loss of 0.6297


Epoch 79/109 completed in 0.24 seconds with a training error of 0.6122 a validation loss of 0.5935


Epoch 80/109 completed in 0.24 seconds with a training error of 0.5821 a validation loss of 0.5634


Epoch 81/109 completed in 0.24 seconds with a training error of 0.5594 a validation loss of 0.5449


Epoch 82/109 completed in 0.23 seconds with a training error of 0.5426 a validation loss of 0.5266


Epoch 83/109 completed in 0.23 seconds with a training error of 0.5279 a validation loss of 0.5138


Epoch 84/109 completed in 0.23 seconds with a training error of 0.5150 a validation loss of 0.5029


Epoch 85/109 completed in 0.23 seconds with a training error of 0.5066 a validation loss of 0.4943


Epoch 86/109 completed in 0.23 seconds with a training error of 0.4976 a validation loss of 0.4858


Epoch 87/109 completed in 0.23 seconds with a training error of 0.4897 a validation loss of 0.4802


Epoch 88/109 completed in 0.24 seconds with a training error of 0.4845 a validation loss of 0.4750


Epoch 89/109 completed in 0.23 seconds with a training error of 0.4802 a validation loss of 0.4710


Epoch 90/109 completed in 0.23 seconds with a training error of 0.4755 a validation loss of 0.4680


Epoch 91/109 completed in 0.23 seconds with a training error of 0.4727 a validation loss of 0.4634


Epoch 92/109 completed in 0.24 seconds with a training error of 0.4714 a validation loss of 0.4630


Epoch 93/109 completed in 0.25 seconds with a training error of 0.4683 a validation loss of 0.4622


Epoch 94/109 completed in 0.24 seconds with a training error of 0.4662 a validation loss of 0.4633


Epoch 95/109 completed in 0.24 seconds with a training error of 0.4649 a validation loss of 0.4572


Epoch 96/109 completed in 0.24 seconds with a training error of 0.4610 a validation loss of 0.4526


Epoch 97/109 completed in 0.24 seconds with a training error of 0.4536 a validation loss of 0.4415


Epoch 98/109 completed in 0.23 seconds with a training error of 0.4473 a validation loss of 0.4166


Epoch 99/109 completed in 0.23 seconds with a training error of 0.5961 a validation loss of 0.4157


Epoch 100/109 completed in 0.23 seconds with a training error of 0.4379 a validation loss of 0.4059


Epoch 101/109 completed in 0.23 seconds with a training error of 0.4686 a validation loss of 0.4255


Epoch 102/109 completed in 0.23 seconds with a training error of 0.6016 a validation loss of 0.4723


Epoch 103/109 completed in 0.24 seconds with a training error of 0.4083 a validation loss of 0.4988


Epoch 104/109 completed in 0.23 seconds with a training error of 0.3503 a validation loss of 0.4059


Epoch 105/109 completed in 0.23 seconds with a training error of 0.3383 a validation loss of 0.3702


Epoch 106/109 completed in 0.24 seconds with a training error of 0.3310 a validation loss of 0.1457


Epoch 107/109 completed in 0.24 seconds with a training error of 0.0994 a validation loss of 0.0624


Epoch 108/109 completed in 0.24 seconds with a training error of 0.2698 a validation loss of 0.0843


Epoch 109/109 completed in 0.24 seconds with a training error of 0.0554 a validation loss of 0.0380

Entrenamiento completado

Loss plot saved at /home/newfasant2/N101/N101-IA/Models/Classification_npy_SvD_POV_5.16_SNR_5.0_1500_0samples_109ep_32bs_loss_plot.png

Model saved

Test Accuracy: 100.00%
Confusion matrix saved at /home/newfasant2/N101/N101-IA/Models/Classification_npy_SvD_POV_5.16_SNR_5.0_1500_0samples_109ep_32bs_confusion_matrix.png
Tiempo por sample: 0.001876 seconds
Error medio de test:  tensor(0.0376, device='cuda:1')
Fin de la ejecución

2025-06-27 12:41:44,077 - INFO - 
Los argumentos son {'input_path': '/home/newfasant2/N101/N101-IA/Datasets/Reorganized/Classification_1500_0_16_f_16_d_POV_5.16_SNR_5.0', 'use_case': 'Classification', 'data_type': 'field', 'num_epochs': 109}


Using cuda:1 device, field data type, Classification use case and seed 10.


Epoch 1/109 completed in 0.50 seconds with a training error of 1.0989 a validation loss of 1.0979


Epoch 2/109 completed in 0.25 seconds with a training error of 1.0978 a validation loss of 1.0978


Epoch 3/109 completed in 0.27 seconds with a training error of 1.0969 a validation loss of 1.0977


Epoch 4/109 completed in 0.27 seconds with a training error of 1.0962 a validation loss of 1.0974


Epoch 5/109 completed in 0.27 seconds with a training error of 1.0953 a validation loss of 1.0970


Epoch 6/109 completed in 0.28 seconds with a training error of 1.0943 a validation loss of 1.0965


Epoch 7/109 completed in 0.24 seconds with a training error of 1.0933 a validation loss of 1.0958


Epoch 8/109 completed in 0.23 seconds with a training error of 1.0920 a validation loss of 1.0948


Epoch 9/109 completed in 0.24 seconds with a training error of 1.0904 a validation loss of 1.0935


Epoch 10/109 completed in 0.23 seconds with a training error of 1.0886 a validation loss of 1.0915


Epoch 11/109 completed in 0.22 seconds with a training error of 1.0861 a validation loss of 1.0893


Epoch 12/109 completed in 0.23 seconds with a training error of 1.0828 a validation loss of 1.0861


Epoch 13/109 completed in 0.24 seconds with a training error of 1.0783 a validation loss of 1.0810


Epoch 14/109 completed in 0.24 seconds with a training error of 1.0714 a validation loss of 1.0742


Epoch 15/109 completed in 0.25 seconds with a training error of 1.0616 a validation loss of 1.0615


Epoch 16/109 completed in 0.24 seconds with a training error of 1.0432 a validation loss of 1.0404


Epoch 17/109 completed in 0.24 seconds with a training error of 1.0081 a validation loss of 0.9901


Epoch 18/109 completed in 0.23 seconds with a training error of 0.9230 a validation loss of 0.8748


Epoch 19/109 completed in 0.23 seconds with a training error of 0.7761 a validation loss of 0.7336


Epoch 20/109 completed in 0.24 seconds with a training error of 0.6068 a validation loss of 0.3228


Epoch 21/109 completed in 0.24 seconds with a training error of 0.1999 a validation loss of 0.0647


Epoch 22/109 completed in 0.25 seconds with a training error of 0.0345 a validation loss of 0.0234


Epoch 23/109 completed in 0.28 seconds with a training error of 0.0143 a validation loss of 0.0116


Epoch 24/109 completed in 0.25 seconds with a training error of 0.0088 a validation loss of 0.0092


Epoch 25/109 completed in 0.25 seconds with a training error of 0.0060 a validation loss of 0.0055


Epoch 26/109 completed in 0.27 seconds with a training error of 0.0043 a validation loss of 0.0047


Epoch 27/109 completed in 0.27 seconds with a training error of 0.0035 a validation loss of 0.0034


Epoch 28/109 completed in 0.26 seconds with a training error of 0.0027 a validation loss of 0.0029


Epoch 29/109 completed in 0.25 seconds with a training error of 0.0024 a validation loss of 0.0027


Epoch 30/109 completed in 0.25 seconds with a training error of 0.0020 a validation loss of 0.0023


Epoch 31/109 completed in 0.25 seconds with a training error of 0.0017 a validation loss of 0.0021


Epoch 32/109 completed in 0.26 seconds with a training error of 0.0015 a validation loss of 0.0019


Epoch 33/109 completed in 0.25 seconds with a training error of 0.0013 a validation loss of 0.0016


Epoch 34/109 completed in 0.25 seconds with a training error of 0.0012 a validation loss of 0.0014


Epoch 35/109 completed in 0.24 seconds with a training error of 0.0011 a validation loss of 0.0014


Epoch 36/109 completed in 0.25 seconds with a training error of 0.0010 a validation loss of 0.0012


Epoch 37/109 completed in 0.24 seconds with a training error of 0.0009 a validation loss of 0.0011


Epoch 38/109 completed in 0.24 seconds with a training error of 0.0009 a validation loss of 0.0010


Epoch 39/109 completed in 0.25 seconds with a training error of 0.0008 a validation loss of 0.0010


Epoch 40/109 completed in 0.24 seconds with a training error of 0.0007 a validation loss of 0.0009


Epoch 41/109 completed in 0.25 seconds with a training error of 0.0007 a validation loss of 0.0008


Epoch 42/109 completed in 0.27 seconds with a training error of 0.0006 a validation loss of 0.0008


Epoch 43/109 completed in 0.24 seconds with a training error of 0.0006 a validation loss of 0.0009


Epoch 44/109 completed in 0.24 seconds with a training error of 0.0006 a validation loss of 0.0008


Epoch 45/109 completed in 0.24 seconds with a training error of 0.0005 a validation loss of 0.0008


Epoch 46/109 completed in 0.24 seconds with a training error of 0.0005 a validation loss of 0.0007


Epoch 47/109 completed in 0.25 seconds with a training error of 0.0005 a validation loss of 0.0007


Epoch 48/109 completed in 0.24 seconds with a training error of 0.0005 a validation loss of 0.0006


Epoch 49/109 completed in 0.23 seconds with a training error of 0.0004 a validation loss of 0.0006


Epoch 50/109 completed in 0.25 seconds with a training error of 0.0004 a validation loss of 0.0005


Epoch 51/109 completed in 0.25 seconds with a training error of 0.0004 a validation loss of 0.0006


Epoch 52/109 completed in 0.25 seconds with a training error of 0.0004 a validation loss of 0.0005


Epoch 53/109 completed in 0.26 seconds with a training error of 0.0004 a validation loss of 0.0005


Epoch 54/109 completed in 0.28 seconds with a training error of 0.0004 a validation loss of 0.0005


Epoch 55/109 completed in 0.25 seconds with a training error of 0.0003 a validation loss of 0.0005


Epoch 56/109 completed in 0.23 seconds with a training error of 0.0003 a validation loss of 0.0005


Epoch 57/109 completed in 0.24 seconds with a training error of 0.0003 a validation loss of 0.0004


Epoch 58/109 completed in 0.23 seconds with a training error of 0.0003 a validation loss of 0.0005


Epoch 59/109 completed in 0.26 seconds with a training error of 0.0003 a validation loss of 0.0004


Epoch 60/109 completed in 0.25 seconds with a training error of 0.0003 a validation loss of 0.0004


Epoch 61/109 completed in 0.26 seconds with a training error of 0.0003 a validation loss of 0.0004


Epoch 62/109 completed in 0.24 seconds with a training error of 0.0003 a validation loss of 0.0004


Epoch 63/109 completed in 0.24 seconds with a training error of 0.0003 a validation loss of 0.0004


Epoch 64/109 completed in 0.23 seconds with a training error of 0.0003 a validation loss of 0.0004


Epoch 65/109 completed in 0.25 seconds with a training error of 0.0002 a validation loss of 0.0004


Epoch 66/109 completed in 0.27 seconds with a training error of 0.0002 a validation loss of 0.0004


Epoch 67/109 completed in 0.25 seconds with a training error of 0.0002 a validation loss of 0.0004


Epoch 68/109 completed in 0.25 seconds with a training error of 0.0002 a validation loss of 0.0003


Epoch 69/109 completed in 0.27 seconds with a training error of 0.0002 a validation loss of 0.0003


Epoch 70/109 completed in 0.26 seconds with a training error of 0.0002 a validation loss of 0.0003


Epoch 71/109 completed in 0.26 seconds with a training error of 0.0002 a validation loss of 0.0003


Epoch 72/109 completed in 0.25 seconds with a training error of 0.0002 a validation loss of 0.0003


Epoch 73/109 completed in 0.26 seconds with a training error of 0.0002 a validation loss of 0.0003


Epoch 74/109 completed in 0.24 seconds with a training error of 0.0002 a validation loss of 0.0003


Epoch 75/109 completed in 0.28 seconds with a training error of 0.0002 a validation loss of 0.0003


Epoch 76/109 completed in 0.25 seconds with a training error of 0.0002 a validation loss of 0.0003


Epoch 77/109 completed in 0.26 seconds with a training error of 0.0002 a validation loss of 0.0003


Epoch 78/109 completed in 0.24 seconds with a training error of 0.0002 a validation loss of 0.0003


Epoch 79/109 completed in 0.25 seconds with a training error of 0.0002 a validation loss of 0.0003


Epoch 80/109 completed in 0.25 seconds with a training error of 0.0002 a validation loss of 0.0003


Epoch 81/109 completed in 0.25 seconds with a training error of 0.0002 a validation loss of 0.0003


Epoch 82/109 completed in 0.26 seconds with a training error of 0.0002 a validation loss of 0.0003


Epoch 83/109 completed in 0.25 seconds with a training error of 0.0002 a validation loss of 0.0002


Epoch 84/109 completed in 0.25 seconds with a training error of 0.0002 a validation loss of 0.0003


Epoch 85/109 completed in 0.25 seconds with a training error of 0.0002 a validation loss of 0.0003


Epoch 86/109 completed in 0.26 seconds with a training error of 0.0001 a validation loss of 0.0002


Epoch 87/109 completed in 0.25 seconds with a training error of 0.0001 a validation loss of 0.0002


Epoch 88/109 completed in 0.25 seconds with a training error of 0.0001 a validation loss of 0.0002


Epoch 89/109 completed in 0.26 seconds with a training error of 0.0001 a validation loss of 0.0002


Epoch 90/109 completed in 0.25 seconds with a training error of 0.0001 a validation loss of 0.0002


Epoch 91/109 completed in 0.25 seconds with a training error of 0.0001 a validation loss of 0.0002


Epoch 92/109 completed in 0.24 seconds with a training error of 0.0001 a validation loss of 0.0002


Epoch 93/109 completed in 0.25 seconds with a training error of 0.0001 a validation loss of 0.0002


Epoch 94/109 completed in 0.25 seconds with a training error of 0.0001 a validation loss of 0.0002


Epoch 95/109 completed in 0.25 seconds with a training error of 0.0001 a validation loss of 0.0002


Epoch 96/109 completed in 0.24 seconds with a training error of 0.0001 a validation loss of 0.0002


Epoch 97/109 completed in 0.25 seconds with a training error of 0.0001 a validation loss of 0.0002


Epoch 98/109 completed in 0.25 seconds with a training error of 0.0001 a validation loss of 0.0002


Epoch 99/109 completed in 0.25 seconds with a training error of 0.0001 a validation loss of 0.0002


Epoch 100/109 completed in 0.25 seconds with a training error of 0.0001 a validation loss of 0.0002


Epoch 101/109 completed in 0.25 seconds with a training error of 0.0001 a validation loss of 0.0002


Epoch 102/109 completed in 0.30 seconds with a training error of 0.0001 a validation loss of 0.0002


Epoch 103/109 completed in 0.29 seconds with a training error of 0.0001 a validation loss of 0.0002


Epoch 104/109 completed in 0.26 seconds with a training error of 0.0001 a validation loss of 0.0002


Epoch 105/109 completed in 0.24 seconds with a training error of 0.0001 a validation loss of 0.0002


Epoch 106/109 completed in 0.24 seconds with a training error of 0.0001 a validation loss of 0.0002


Epoch 107/109 completed in 0.24 seconds with a training error of 0.0001 a validation loss of 0.0002


Epoch 108/109 completed in 0.26 seconds with a training error of 0.0001 a validation loss of 0.0002


Epoch 109/109 completed in 0.23 seconds with a training error of 0.0001 a validation loss of 0.0002

Entrenamiento completado

Loss plot saved at /home/newfasant2/N101/N101-IA/Models/Classification_field_SvD_POV_5.16_SNR_5.0_1500_0samples_109ep_32bs_loss_plot.png

Model saved

Test Accuracy: 100.00%
Confusion matrix saved at /home/newfasant2/N101/N101-IA/Models/Classification_field_SvD_POV_5.16_SNR_5.0_1500_0samples_109ep_32bs_confusion_matrix.png
Tiempo por sample: 0.001940 seconds
Error medio de test:  tensor(7.5607e-05, device='cuda:1')
Fin de la ejecución

2025-06-27 12:44:09,048 - INFO - 
Los argumentos son {'input_path': '/home/newfasant2/N101/N101-IA/Datasets/Reorganized/Classification_1500_0_16_f_16_d_POV_5.16_SNR_5.0', 'use_case': 'Classification', 'data_type': 'ISAR', 'num_epochs': 109}


Using cuda:1 device, ISAR data type, Classification use case and seed 10.


Epoch 1/109 completed in 1.50 seconds with a training error of 1.0987 a validation loss of 1.0989


Epoch 2/109 completed in 1.28 seconds with a training error of 1.0983 a validation loss of 1.0991


Epoch 3/109 completed in 1.27 seconds with a training error of 1.0981 a validation loss of 1.0992


Epoch 4/109 completed in 1.25 seconds with a training error of 1.0980 a validation loss of 1.0993


Epoch 5/109 completed in 1.27 seconds with a training error of 1.0977 a validation loss of 1.0993


Epoch 6/109 completed in 1.31 seconds with a training error of 1.0975 a validation loss of 1.0993


Epoch 7/109 completed in 1.30 seconds with a training error of 1.0973 a validation loss of 1.0993


Epoch 8/109 completed in 1.33 seconds with a training error of 1.0970 a validation loss of 1.0991


Epoch 9/109 completed in 1.29 seconds with a training error of 1.0967 a validation loss of 1.0989


Epoch 10/109 completed in 1.29 seconds with a training error of 1.0963 a validation loss of 1.0985


Epoch 11/109 completed in 1.30 seconds with a training error of 1.0957 a validation loss of 1.0980


Epoch 12/109 completed in 1.28 seconds with a training error of 1.0950 a validation loss of 1.0973


Epoch 13/109 completed in 1.29 seconds with a training error of 1.0940 a validation loss of 1.0962


Epoch 14/109 completed in 1.29 seconds with a training error of 1.0925 a validation loss of 1.0945


Epoch 15/109 completed in 1.30 seconds with a training error of 1.0904 a validation loss of 1.0918


Epoch 16/109 completed in 1.30 seconds with a training error of 1.0866 a validation loss of 1.0872


Epoch 17/109 completed in 1.29 seconds with a training error of 1.0798 a validation loss of 1.0776


Epoch 18/109 completed in 1.29 seconds with a training error of 1.0652 a validation loss of 1.0554


Epoch 19/109 completed in 1.30 seconds with a training error of 1.0235 a validation loss of 0.9791


Epoch 20/109 completed in 1.29 seconds with a training error of 0.7230 a validation loss of 0.2192


Epoch 21/109 completed in 1.29 seconds with a training error of 0.0543 a validation loss of 0.0118


Epoch 22/109 completed in 1.30 seconds with a training error of 0.0068 a validation loss of 0.0043


Epoch 23/109 completed in 1.29 seconds with a training error of 0.0031 a validation loss of 0.0024


Epoch 24/109 completed in 1.29 seconds with a training error of 0.0019 a validation loss of 0.0016


Epoch 25/109 completed in 1.29 seconds with a training error of 0.0013 a validation loss of 0.0012


Epoch 26/109 completed in 1.29 seconds with a training error of 0.0010 a validation loss of 0.0009


Epoch 27/109 completed in 1.29 seconds with a training error of 0.0008 a validation loss of 0.0007


Epoch 28/109 completed in 1.30 seconds with a training error of 0.0007 a validation loss of 0.0006


Epoch 29/109 completed in 1.29 seconds with a training error of 0.0006 a validation loss of 0.0005


Epoch 30/109 completed in 1.29 seconds with a training error of 0.0005 a validation loss of 0.0005


Epoch 31/109 completed in 1.29 seconds with a training error of 0.0004 a validation loss of 0.0004


Epoch 32/109 completed in 1.30 seconds with a training error of 0.0004 a validation loss of 0.0004


Epoch 33/109 completed in 1.30 seconds with a training error of 0.0003 a validation loss of 0.0003


Epoch 34/109 completed in 1.29 seconds with a training error of 0.0003 a validation loss of 0.0003


Epoch 35/109 completed in 1.30 seconds with a training error of 0.0003 a validation loss of 0.0003


Epoch 36/109 completed in 1.30 seconds with a training error of 0.0003 a validation loss of 0.0003


Epoch 37/109 completed in 1.29 seconds with a training error of 0.0002 a validation loss of 0.0002


Epoch 38/109 completed in 1.30 seconds with a training error of 0.0002 a validation loss of 0.0002


Epoch 39/109 completed in 1.30 seconds with a training error of 0.0002 a validation loss of 0.0002


Epoch 40/109 completed in 1.30 seconds with a training error of 0.0002 a validation loss of 0.0002


Epoch 41/109 completed in 1.30 seconds with a training error of 0.0002 a validation loss of 0.0002


Epoch 42/109 completed in 1.30 seconds with a training error of 0.0002 a validation loss of 0.0002


Epoch 43/109 completed in 1.29 seconds with a training error of 0.0002 a validation loss of 0.0002


Epoch 44/109 completed in 1.29 seconds with a training error of 0.0002 a validation loss of 0.0001


Epoch 45/109 completed in 1.29 seconds with a training error of 0.0001 a validation loss of 0.0001


Epoch 46/109 completed in 1.30 seconds with a training error of 0.0001 a validation loss of 0.0001


Epoch 47/109 completed in 1.29 seconds with a training error of 0.0001 a validation loss of 0.0001


Epoch 48/109 completed in 1.29 seconds with a training error of 0.0001 a validation loss of 0.0001


Epoch 49/109 completed in 1.29 seconds with a training error of 0.0001 a validation loss of 0.0001


Epoch 50/109 completed in 1.30 seconds with a training error of 0.0001 a validation loss of 0.0001


Epoch 51/109 completed in 1.28 seconds with a training error of 0.0001 a validation loss of 0.0001


Epoch 52/109 completed in 1.30 seconds with a training error of 0.0001 a validation loss of 0.0001


Epoch 53/109 completed in 1.29 seconds with a training error of 0.0001 a validation loss of 0.0001


Epoch 54/109 completed in 1.29 seconds with a training error of 0.0001 a validation loss of 0.0001


Epoch 55/109 completed in 1.29 seconds with a training error of 0.0001 a validation loss of 0.0001


Epoch 56/109 completed in 1.29 seconds with a training error of 0.0001 a validation loss of 0.0001


Epoch 57/109 completed in 1.35 seconds with a training error of 0.0001 a validation loss of 0.0001


Epoch 58/109 completed in 1.30 seconds with a training error of 0.0001 a validation loss of 0.0001


Epoch 59/109 completed in 1.30 seconds with a training error of 0.0001 a validation loss of 0.0001


Epoch 60/109 completed in 1.29 seconds with a training error of 0.0001 a validation loss of 0.0001


Epoch 61/109 completed in 1.29 seconds with a training error of 0.0001 a validation loss of 0.0001


Epoch 62/109 completed in 1.30 seconds with a training error of 0.0001 a validation loss of 0.0001


Epoch 63/109 completed in 1.30 seconds with a training error of 0.0001 a validation loss of 0.0001


Epoch 64/109 completed in 1.30 seconds with a training error of 0.0001 a validation loss of 0.0001


Epoch 65/109 completed in 1.29 seconds with a training error of 0.0001 a validation loss of 0.0001


Epoch 66/109 completed in 1.29 seconds with a training error of 0.0001 a validation loss of 0.0001


Epoch 67/109 completed in 1.29 seconds with a training error of 0.0001 a validation loss of 0.0001


Epoch 68/109 completed in 1.29 seconds with a training error of 0.0001 a validation loss of 0.0001


Epoch 69/109 completed in 1.29 seconds with a training error of 0.0001 a validation loss of 0.0001


Epoch 70/109 completed in 1.29 seconds with a training error of 0.0001 a validation loss of 0.0001


Epoch 71/109 completed in 1.30 seconds with a training error of 0.0001 a validation loss of 0.0001


Epoch 72/109 completed in 1.29 seconds with a training error of 0.0001 a validation loss of 0.0001


Epoch 73/109 completed in 1.31 seconds with a training error of 0.0001 a validation loss of 0.0001


Epoch 74/109 completed in 1.28 seconds with a training error of 0.0001 a validation loss of 0.0001


Epoch 75/109 completed in 1.30 seconds with a training error of 0.0001 a validation loss of 0.0001


Epoch 76/109 completed in 1.29 seconds with a training error of 0.0001 a validation loss of 0.0001


Epoch 77/109 completed in 1.30 seconds with a training error of 0.0001 a validation loss of 0.0001


Epoch 78/109 completed in 1.29 seconds with a training error of 0.0001 a validation loss of 0.0000


Epoch 79/109 completed in 1.34 seconds with a training error of 0.0000 a validation loss of 0.0000


Epoch 80/109 completed in 1.30 seconds with a training error of 0.0000 a validation loss of 0.0000


Epoch 81/109 completed in 1.31 seconds with a training error of 0.0000 a validation loss of 0.0000


Epoch 82/109 completed in 1.29 seconds with a training error of 0.0000 a validation loss of 0.0000


Epoch 83/109 completed in 1.29 seconds with a training error of 0.0000 a validation loss of 0.0000


Epoch 84/109 completed in 1.28 seconds with a training error of 0.0000 a validation loss of 0.0000


Epoch 85/109 completed in 1.31 seconds with a training error of 0.0000 a validation loss of 0.0000


Epoch 86/109 completed in 1.30 seconds with a training error of 0.0000 a validation loss of 0.0000


Epoch 87/109 completed in 1.30 seconds with a training error of 0.0000 a validation loss of 0.0000


Epoch 88/109 completed in 1.30 seconds with a training error of 0.0000 a validation loss of 0.0000


Epoch 89/109 completed in 1.28 seconds with a training error of 0.0000 a validation loss of 0.0000


Epoch 90/109 completed in 1.30 seconds with a training error of 0.0000 a validation loss of 0.0000


Epoch 91/109 completed in 1.29 seconds with a training error of 0.0000 a validation loss of 0.0000


Epoch 92/109 completed in 1.29 seconds with a training error of 0.0000 a validation loss of 0.0000


Epoch 93/109 completed in 1.29 seconds with a training error of 0.0000 a validation loss of 0.0000


Epoch 94/109 completed in 1.29 seconds with a training error of 0.0000 a validation loss of 0.0000


Epoch 95/109 completed in 1.29 seconds with a training error of 0.0000 a validation loss of 0.0000


Epoch 96/109 completed in 1.30 seconds with a training error of 0.0000 a validation loss of 0.0000


Epoch 97/109 completed in 1.29 seconds with a training error of 0.0000 a validation loss of 0.0000


Epoch 98/109 completed in 1.29 seconds with a training error of 0.0000 a validation loss of 0.0000


Epoch 99/109 completed in 1.28 seconds with a training error of 0.0000 a validation loss of 0.0000


Epoch 100/109 completed in 1.29 seconds with a training error of 0.0000 a validation loss of 0.0000


Epoch 101/109 completed in 1.29 seconds with a training error of 0.0000 a validation loss of 0.0000


Epoch 102/109 completed in 1.28 seconds with a training error of 0.0000 a validation loss of 0.0000


Epoch 103/109 completed in 1.27 seconds with a training error of 0.0000 a validation loss of 0.0000


Epoch 104/109 completed in 1.28 seconds with a training error of 0.0000 a validation loss of 0.0000


Epoch 105/109 completed in 1.28 seconds with a training error of 0.0000 a validation loss of 0.0000


Epoch 106/109 completed in 1.30 seconds with a training error of 0.0000 a validation loss of 0.0000


Epoch 107/109 completed in 1.28 seconds with a training error of 0.0000 a validation loss of 0.0000


Epoch 108/109 completed in 1.31 seconds with a training error of 0.0000 a validation loss of 0.0000


Epoch 109/109 completed in 1.27 seconds with a training error of 0.0000 a validation loss of 0.0000

Entrenamiento completado

Loss plot saved at /home/newfasant2/N101/N101-IA/Models/Classification_ISAR_SvD_POV_5.16_SNR_5.0_1500_0samples_109ep_32bs_loss_plot.png

Model saved

Test Accuracy: 100.00%
Confusion matrix saved at /home/newfasant2/N101/N101-IA/Models/Classification_ISAR_SvD_POV_5.16_SNR_5.0_1500_0samples_109ep_32bs_confusion_matrix.png
Tiempo por sample: 0.002191 seconds
Error medio de test:  tensor(3.4701e-05, device='cuda:1')
Fin de la ejecución

2025-06-27 12:44:39,124 - INFO - 
Los argumentos son {'input_path': '/home/newfasant2/N101/N101-IA/Datasets/Reorganized/Classification_1500_0_16_f_16_d_POV_5.16_SNR_5.0', 'use_case': 'Classification', 'data_type': 'field_ph_npy', 'num_epochs': 109}


Using cuda:1 device, field_ph_npy data type, Classification use case and seed 10.


Epoch 1/109 completed in 0.50 seconds with a training error of 1.0983 a validation loss of 1.0972


Epoch 2/109 completed in 0.25 seconds with a training error of 1.0964 a validation loss of 1.0967


Epoch 3/109 completed in 0.26 seconds with a training error of 1.0949 a validation loss of 1.0960


Epoch 4/109 completed in 0.25 seconds with a training error of 1.0933 a validation loss of 1.0949


Epoch 5/109 completed in 0.24 seconds with a training error of 1.0913 a validation loss of 1.0934


Epoch 6/109 completed in 0.25 seconds with a training error of 1.0889 a validation loss of 1.0917


Epoch 7/109 completed in 0.24 seconds with a training error of 1.0860 a validation loss of 1.0894


Epoch 8/109 completed in 0.24 seconds with a training error of 1.0821 a validation loss of 1.0854


Epoch 9/109 completed in 0.24 seconds with a training error of 1.0765 a validation loss of 1.0799


Epoch 10/109 completed in 0.24 seconds with a training error of 1.0683 a validation loss of 1.0701


Epoch 11/109 completed in 0.26 seconds with a training error of 1.0552 a validation loss of 1.0559


Epoch 12/109 completed in 0.25 seconds with a training error of 1.0306 a validation loss of 1.0259


Epoch 13/109 completed in 0.25 seconds with a training error of 0.9773 a validation loss of 0.9409


Epoch 14/109 completed in 0.25 seconds with a training error of 0.8362 a validation loss of 0.6914


Epoch 15/109 completed in 0.25 seconds with a training error of 0.5140 a validation loss of 1.2039


Epoch 16/109 completed in 0.27 seconds with a training error of 0.1322 a validation loss of 0.0428


Epoch 17/109 completed in 0.23 seconds with a training error of 0.0276 a validation loss of 0.0155


Epoch 18/109 completed in 0.27 seconds with a training error of 0.0113 a validation loss of 0.0105


Epoch 19/109 completed in 0.27 seconds with a training error of 0.0073 a validation loss of 0.0067


Epoch 20/109 completed in 0.23 seconds with a training error of 0.0049 a validation loss of 0.0046


Epoch 21/109 completed in 0.23 seconds with a training error of 0.0036 a validation loss of 0.0038


Epoch 22/109 completed in 0.23 seconds with a training error of 0.0030 a validation loss of 0.0032


Epoch 23/109 completed in 0.23 seconds with a training error of 0.0025 a validation loss of 0.0025


Epoch 24/109 completed in 0.23 seconds with a training error of 0.0021 a validation loss of 0.0023


Epoch 25/109 completed in 0.23 seconds with a training error of 0.0018 a validation loss of 0.0019


Epoch 26/109 completed in 0.23 seconds with a training error of 0.0015 a validation loss of 0.0019


Epoch 27/109 completed in 0.23 seconds with a training error of 0.0014 a validation loss of 0.0015


Epoch 28/109 completed in 0.23 seconds with a training error of 0.0012 a validation loss of 0.0014


Epoch 29/109 completed in 0.23 seconds with a training error of 0.0011 a validation loss of 0.0013


Epoch 30/109 completed in 0.23 seconds with a training error of 0.0010 a validation loss of 0.0013


Epoch 31/109 completed in 0.23 seconds with a training error of 0.0009 a validation loss of 0.0012


Epoch 32/109 completed in 0.23 seconds with a training error of 0.0008 a validation loss of 0.0011


Epoch 33/109 completed in 0.23 seconds with a training error of 0.0008 a validation loss of 0.0010


Epoch 34/109 completed in 0.23 seconds with a training error of 0.0007 a validation loss of 0.0009


Epoch 35/109 completed in 0.24 seconds with a training error of 0.0007 a validation loss of 0.0009


Epoch 36/109 completed in 0.25 seconds with a training error of 0.0006 a validation loss of 0.0008


Epoch 37/109 completed in 0.23 seconds with a training error of 0.0006 a validation loss of 0.0007


Epoch 38/109 completed in 0.24 seconds with a training error of 0.0006 a validation loss of 0.0007


Epoch 39/109 completed in 0.24 seconds with a training error of 0.0005 a validation loss of 0.0007


Epoch 40/109 completed in 0.24 seconds with a training error of 0.0005 a validation loss of 0.0007


Epoch 41/109 completed in 0.24 seconds with a training error of 0.0005 a validation loss of 0.0006


Epoch 42/109 completed in 0.23 seconds with a training error of 0.0004 a validation loss of 0.0006


Epoch 43/109 completed in 0.25 seconds with a training error of 0.0004 a validation loss of 0.0006


Epoch 44/109 completed in 0.24 seconds with a training error of 0.0004 a validation loss of 0.0006


Epoch 45/109 completed in 0.24 seconds with a training error of 0.0004 a validation loss of 0.0006


Epoch 46/109 completed in 0.24 seconds with a training error of 0.0004 a validation loss of 0.0006


Epoch 47/109 completed in 0.23 seconds with a training error of 0.0004 a validation loss of 0.0006


Epoch 48/109 completed in 0.23 seconds with a training error of 0.0003 a validation loss of 0.0005


Epoch 49/109 completed in 0.24 seconds with a training error of 0.0003 a validation loss of 0.0005


Epoch 50/109 completed in 0.23 seconds with a training error of 0.0003 a validation loss of 0.0005


Epoch 51/109 completed in 0.24 seconds with a training error of 0.0003 a validation loss of 0.0005


Epoch 52/109 completed in 0.24 seconds with a training error of 0.0003 a validation loss of 0.0004


Epoch 53/109 completed in 0.24 seconds with a training error of 0.0003 a validation loss of 0.0004


Epoch 54/109 completed in 0.24 seconds with a training error of 0.0003 a validation loss of 0.0004


Epoch 55/109 completed in 0.23 seconds with a training error of 0.0003 a validation loss of 0.0004


Epoch 56/109 completed in 0.23 seconds with a training error of 0.0003 a validation loss of 0.0004


Epoch 57/109 completed in 0.24 seconds with a training error of 0.0003 a validation loss of 0.0004


Epoch 58/109 completed in 0.25 seconds with a training error of 0.0002 a validation loss of 0.0004


Epoch 59/109 completed in 0.27 seconds with a training error of 0.0002 a validation loss of 0.0004


Epoch 60/109 completed in 0.25 seconds with a training error of 0.0002 a validation loss of 0.0004


Epoch 61/109 completed in 0.25 seconds with a training error of 0.0002 a validation loss of 0.0004


Epoch 62/109 completed in 0.25 seconds with a training error of 0.0002 a validation loss of 0.0004


Epoch 63/109 completed in 0.25 seconds with a training error of 0.0002 a validation loss of 0.0004


Epoch 64/109 completed in 0.25 seconds with a training error of 0.0002 a validation loss of 0.0004


Epoch 65/109 completed in 0.25 seconds with a training error of 0.0002 a validation loss of 0.0004


Epoch 66/109 completed in 0.25 seconds with a training error of 0.0002 a validation loss of 0.0004


Epoch 67/109 completed in 0.25 seconds with a training error of 0.0002 a validation loss of 0.0003


Epoch 68/109 completed in 0.25 seconds with a training error of 0.0002 a validation loss of 0.0003


Epoch 69/109 completed in 0.25 seconds with a training error of 0.0002 a validation loss of 0.0003


Epoch 70/109 completed in 0.25 seconds with a training error of 0.0002 a validation loss of 0.0003


Epoch 71/109 completed in 0.25 seconds with a training error of 0.0002 a validation loss of 0.0003


Epoch 72/109 completed in 0.25 seconds with a training error of 0.0002 a validation loss of 0.0003


Epoch 73/109 completed in 0.24 seconds with a training error of 0.0002 a validation loss of 0.0003


Epoch 74/109 completed in 0.25 seconds with a training error of 0.0002 a validation loss of 0.0003


Epoch 75/109 completed in 0.24 seconds with a training error of 0.0002 a validation loss of 0.0003


Epoch 76/109 completed in 0.23 seconds with a training error of 0.0002 a validation loss of 0.0003


Epoch 77/109 completed in 0.24 seconds with a training error of 0.0002 a validation loss of 0.0003


Epoch 78/109 completed in 0.23 seconds with a training error of 0.0001 a validation loss of 0.0003


Epoch 79/109 completed in 0.23 seconds with a training error of 0.0001 a validation loss of 0.0003


Epoch 80/109 completed in 0.23 seconds with a training error of 0.0001 a validation loss of 0.0003


Epoch 81/109 completed in 0.23 seconds with a training error of 0.0001 a validation loss of 0.0003


Epoch 82/109 completed in 0.23 seconds with a training error of 0.0001 a validation loss of 0.0003


Epoch 83/109 completed in 0.24 seconds with a training error of 0.0001 a validation loss of 0.0002


Epoch 84/109 completed in 0.23 seconds with a training error of 0.0001 a validation loss of 0.0003


Epoch 85/109 completed in 0.24 seconds with a training error of 0.0001 a validation loss of 0.0003


Epoch 86/109 completed in 0.23 seconds with a training error of 0.0001 a validation loss of 0.0003


Epoch 87/109 completed in 0.23 seconds with a training error of 0.0001 a validation loss of 0.0002


Epoch 88/109 completed in 0.23 seconds with a training error of 0.0001 a validation loss of 0.0002


Epoch 89/109 completed in 0.24 seconds with a training error of 0.0001 a validation loss of 0.0002


Epoch 90/109 completed in 0.24 seconds with a training error of 0.0001 a validation loss of 0.0002


Epoch 91/109 completed in 0.24 seconds with a training error of 0.0001 a validation loss of 0.0002


Epoch 92/109 completed in 0.24 seconds with a training error of 0.0001 a validation loss of 0.0002


Epoch 93/109 completed in 0.24 seconds with a training error of 0.0001 a validation loss of 0.0002


Epoch 94/109 completed in 0.24 seconds with a training error of 0.0001 a validation loss of 0.0002


Epoch 95/109 completed in 0.24 seconds with a training error of 0.0001 a validation loss of 0.0002


Epoch 96/109 completed in 0.23 seconds with a training error of 0.0001 a validation loss of 0.0002


Epoch 97/109 completed in 0.24 seconds with a training error of 0.0001 a validation loss of 0.0002


Epoch 98/109 completed in 0.24 seconds with a training error of 0.0001 a validation loss of 0.0002


Epoch 99/109 completed in 0.24 seconds with a training error of 0.0001 a validation loss of 0.0002


Epoch 100/109 completed in 0.24 seconds with a training error of 0.0001 a validation loss of 0.0002


Epoch 101/109 completed in 0.23 seconds with a training error of 0.0001 a validation loss of 0.0002


Epoch 102/109 completed in 0.23 seconds with a training error of 0.0001 a validation loss of 0.0002


Epoch 103/109 completed in 0.24 seconds with a training error of 0.0001 a validation loss of 0.0002


Epoch 104/109 completed in 0.25 seconds with a training error of 0.0001 a validation loss of 0.0002


Epoch 105/109 completed in 0.23 seconds with a training error of 0.0001 a validation loss of 0.0002


Epoch 106/109 completed in 0.24 seconds with a training error of 0.0001 a validation loss of 0.0002


Epoch 107/109 completed in 0.24 seconds with a training error of 0.0001 a validation loss of 0.0002


Epoch 108/109 completed in 0.24 seconds with a training error of 0.0001 a validation loss of 0.0002


Epoch 109/109 completed in 0.23 seconds with a training error of 0.0001 a validation loss of 0.0002

Entrenamiento completado

Loss plot saved at /home/newfasant2/N101/N101-IA/Models/Classification_field_ph_npy_SvD_POV_5.16_SNR_5.0_1500_0samples_109ep_32bs_loss_plot.png

Model saved

Test Accuracy: 100.00%
Confusion matrix saved at /home/newfasant2/N101/N101-IA/Models/Classification_field_ph_npy_SvD_POV_5.16_SNR_5.0_1500_0samples_109ep_32bs_confusion_matrix.png
Tiempo por sample: 0.001800 seconds
Error medio de test:  tensor(7.8204e-05, device='cuda:1')
Fin de la ejecución

