2025-06-26 17:05:02,667 - INFO - 
Los argumentos son {'input_path': '/home/newfasant2/N101/N101-IA/Datasets/Reorganized/Classification_1200_0_16_f_16_d_POV_5.16_SNR_5.0', 'use_case': 'Classification', 'data_type': 'npy'}


Using cuda:1 device, npy data type, Classification use case and seed 10.


Epoch 1/135 completed in 0.48 seconds with a training error of 1.3864 a validation loss of 1.3877


Epoch 2/135 completed in 0.19 seconds with a training error of 1.3862 a validation loss of 1.3878


Epoch 3/135 completed in 0.19 seconds with a training error of 1.3860 a validation loss of 1.3882


Epoch 4/135 completed in 0.19 seconds with a training error of 1.3861 a validation loss of 1.3883


Epoch 5/135 completed in 0.19 seconds with a training error of 1.3860 a validation loss of 1.3885


Epoch 6/135 completed in 0.19 seconds with a training error of 1.3861 a validation loss of 1.3886


Epoch 7/135 completed in 0.19 seconds with a training error of 1.3860 a validation loss of 1.3887


Epoch 8/135 completed in 0.19 seconds with a training error of 1.3860 a validation loss of 1.3887


Epoch 9/135 completed in 0.19 seconds with a training error of 1.3856 a validation loss of 1.3890


Epoch 10/135 completed in 0.19 seconds with a training error of 1.3859 a validation loss of 1.3891


Epoch 11/135 completed in 0.19 seconds with a training error of 1.3861 a validation loss of 1.3890


Epoch 12/135 completed in 0.19 seconds with a training error of 1.3856 a validation loss of 1.3892


Epoch 13/135 completed in 0.20 seconds with a training error of 1.3859 a validation loss of 1.3891


Epoch 14/135 completed in 0.20 seconds with a training error of 1.3859 a validation loss of 1.3890


Epoch 15/135 completed in 0.19 seconds with a training error of 1.3857 a validation loss of 1.3890


Epoch 16/135 completed in 0.19 seconds with a training error of 1.3851 a validation loss of 1.3896


Epoch 17/135 completed in 0.19 seconds with a training error of 1.3854 a validation loss of 1.3898


Epoch 18/135 completed in 0.19 seconds with a training error of 1.3856 a validation loss of 1.3898


Epoch 19/135 completed in 0.19 seconds with a training error of 1.3860 a validation loss of 1.3895


Epoch 20/135 completed in 0.19 seconds with a training error of 1.3855 a validation loss of 1.3897


Epoch 21/135 completed in 0.20 seconds with a training error of 1.3857 a validation loss of 1.3896


Epoch 22/135 completed in 0.18 seconds with a training error of 1.3856 a validation loss of 1.3896


Epoch 23/135 completed in 0.19 seconds with a training error of 1.3853 a validation loss of 1.3898


Epoch 24/135 completed in 0.18 seconds with a training error of 1.3854 a validation loss of 1.3899


Epoch 25/135 completed in 0.18 seconds with a training error of 1.3850 a validation loss of 1.3902


Epoch 26/135 completed in 0.20 seconds with a training error of 1.3857 a validation loss of 1.3899


Epoch 27/135 completed in 0.19 seconds with a training error of 1.3847 a validation loss of 1.3904


Epoch 28/135 completed in 0.19 seconds with a training error of 1.3847 a validation loss of 1.3907


Epoch 29/135 completed in 0.19 seconds with a training error of 1.3856 a validation loss of 1.3906


Epoch 30/135 completed in 0.19 seconds with a training error of 1.3857 a validation loss of 1.3903


Epoch 31/135 completed in 0.19 seconds with a training error of 1.3856 a validation loss of 1.3899


Epoch 32/135 completed in 0.19 seconds with a training error of 1.3851 a validation loss of 1.3900


Epoch 33/135 completed in 0.19 seconds with a training error of 1.3850 a validation loss of 1.3901


Epoch 34/135 completed in 0.19 seconds with a training error of 1.3850 a validation loss of 1.3902


Epoch 35/135 completed in 0.20 seconds with a training error of 1.3849 a validation loss of 1.3903


Epoch 36/135 completed in 0.19 seconds with a training error of 1.3849 a validation loss of 1.3903


Epoch 37/135 completed in 0.19 seconds with a training error of 1.3852 a validation loss of 1.3901


Epoch 38/135 completed in 0.19 seconds with a training error of 1.3853 a validation loss of 1.3899


Epoch 39/135 completed in 0.19 seconds with a training error of 1.3851 a validation loss of 1.3897


Epoch 40/135 completed in 0.19 seconds with a training error of 1.3850 a validation loss of 1.3895


Epoch 41/135 completed in 0.19 seconds with a training error of 1.3845 a validation loss of 1.3899


Epoch 42/135 completed in 0.20 seconds with a training error of 1.3849 a validation loss of 1.3898


Epoch 43/135 completed in 0.20 seconds with a training error of 1.3849 a validation loss of 1.3896


Epoch 44/135 completed in 0.20 seconds with a training error of 1.3848 a validation loss of 1.3895


Epoch 45/135 completed in 0.18 seconds with a training error of 1.3844 a validation loss of 1.3896


Epoch 46/135 completed in 0.20 seconds with a training error of 1.3843 a validation loss of 1.3897


Epoch 47/135 completed in 0.20 seconds with a training error of 1.3849 a validation loss of 1.3893


Epoch 48/135 completed in 0.20 seconds with a training error of 1.3842 a validation loss of 1.3895


Epoch 49/135 completed in 0.20 seconds with a training error of 1.3843 a validation loss of 1.3893


Epoch 50/135 completed in 0.19 seconds with a training error of 1.3841 a validation loss of 1.3894


Epoch 51/135 completed in 0.20 seconds with a training error of 1.3840 a validation loss of 1.3894


Epoch 52/135 completed in 0.20 seconds with a training error of 1.3834 a validation loss of 1.3897


Epoch 53/135 completed in 0.20 seconds with a training error of 1.3838 a validation loss of 1.3896


Epoch 54/135 completed in 0.20 seconds with a training error of 1.3834 a validation loss of 1.3896


Epoch 55/135 completed in 0.20 seconds with a training error of 1.3841 a validation loss of 1.3892


Epoch 56/135 completed in 0.20 seconds with a training error of 1.3834 a validation loss of 1.3891


Epoch 57/135 completed in 0.19 seconds with a training error of 1.3839 a validation loss of 1.3887


Epoch 58/135 completed in 0.19 seconds with a training error of 1.3835 a validation loss of 1.3885


Epoch 59/135 completed in 0.20 seconds with a training error of 1.3839 a validation loss of 1.3879


Epoch 60/135 completed in 0.20 seconds with a training error of 1.3831 a validation loss of 1.3877


Epoch 61/135 completed in 0.20 seconds with a training error of 1.3832 a validation loss of 1.3874


Epoch 62/135 completed in 0.20 seconds with a training error of 1.3827 a validation loss of 1.3873


Epoch 63/135 completed in 0.19 seconds with a training error of 1.3825 a validation loss of 1.3871


Epoch 64/135 completed in 0.20 seconds with a training error of 1.3821 a validation loss of 1.3871


Epoch 65/135 completed in 0.19 seconds with a training error of 1.3819 a validation loss of 1.3870


Epoch 66/135 completed in 0.19 seconds with a training error of 1.3818 a validation loss of 1.3867


Epoch 67/135 completed in 0.19 seconds with a training error of 1.3809 a validation loss of 1.3867


Epoch 68/135 completed in 0.19 seconds with a training error of 1.3810 a validation loss of 1.3863


Epoch 69/135 completed in 0.20 seconds with a training error of 1.3810 a validation loss of 1.3857


Epoch 70/135 completed in 0.19 seconds with a training error of 1.3803 a validation loss of 1.3851


Epoch 71/135 completed in 0.19 seconds with a training error of 1.3798 a validation loss of 1.3845


Epoch 72/135 completed in 0.19 seconds with a training error of 1.3791 a validation loss of 1.3840


Epoch 73/135 completed in 0.19 seconds with a training error of 1.3786 a validation loss of 1.3834


Epoch 74/135 completed in 0.19 seconds with a training error of 1.3777 a validation loss of 1.3827


Epoch 75/135 completed in 0.19 seconds with a training error of 1.3771 a validation loss of 1.3816


Epoch 76/135 completed in 0.19 seconds with a training error of 1.3764 a validation loss of 1.3805


Epoch 77/135 completed in 0.19 seconds with a training error of 1.3750 a validation loss of 1.3793


Epoch 78/135 completed in 0.19 seconds with a training error of 1.3730 a validation loss of 1.3784


Epoch 79/135 completed in 0.19 seconds with a training error of 1.3723 a validation loss of 1.3764


Epoch 80/135 completed in 0.19 seconds with a training error of 1.3695 a validation loss of 1.3749


Epoch 81/135 completed in 0.19 seconds with a training error of 1.3678 a validation loss of 1.3725


Epoch 82/135 completed in 0.20 seconds with a training error of 1.3646 a validation loss of 1.3696


Epoch 83/135 completed in 0.19 seconds with a training error of 1.3621 a validation loss of 1.3653


Epoch 84/135 completed in 0.19 seconds with a training error of 1.3569 a validation loss of 1.3603


Epoch 85/135 completed in 0.17 seconds with a training error of 1.3514 a validation loss of 1.3538


Epoch 86/135 completed in 0.17 seconds with a training error of 1.3439 a validation loss of 1.3448


Epoch 87/135 completed in 0.17 seconds with a training error of 1.3328 a validation loss of 1.3325


Epoch 88/135 completed in 0.17 seconds with a training error of 1.3190 a validation loss of 1.3156


Epoch 89/135 completed in 0.17 seconds with a training error of 1.2976 a validation loss of 1.2905


Epoch 90/135 completed in 0.17 seconds with a training error of 1.2668 a validation loss of 1.2525


Epoch 91/135 completed in 0.17 seconds with a training error of 1.2187 a validation loss of 1.1992


Epoch 92/135 completed in 0.19 seconds with a training error of 1.1715 a validation loss of 1.1420


Epoch 93/135 completed in 0.19 seconds with a training error of 1.1128 a validation loss of 1.0862


Epoch 94/135 completed in 0.19 seconds with a training error of 1.0638 a validation loss of 1.0379


Epoch 95/135 completed in 0.19 seconds with a training error of 1.0255 a validation loss of 0.9921


Epoch 96/135 completed in 0.19 seconds with a training error of 0.9899 a validation loss of 0.9511


Epoch 97/135 completed in 0.19 seconds with a training error of 0.9397 a validation loss of 0.9340


Epoch 98/135 completed in 0.19 seconds with a training error of 0.9070 a validation loss of 0.8708


Epoch 99/135 completed in 0.19 seconds with a training error of 0.8650 a validation loss of 0.8412


Epoch 100/135 completed in 0.19 seconds with a training error of 0.8288 a validation loss of 0.8002


Epoch 101/135 completed in 0.19 seconds with a training error of 0.7798 a validation loss of 0.7231


Epoch 102/135 completed in 0.19 seconds with a training error of 0.7415 a validation loss of 0.7168


Epoch 103/135 completed in 0.19 seconds with a training error of 0.7057 a validation loss of 0.6146


Epoch 104/135 completed in 0.19 seconds with a training error of 0.6772 a validation loss of 0.5561


Epoch 105/135 completed in 0.19 seconds with a training error of 0.6632 a validation loss of 1.0559


Epoch 106/135 completed in 0.20 seconds with a training error of 0.6168 a validation loss of 0.4508


Epoch 107/135 completed in 0.19 seconds with a training error of 0.5884 a validation loss of 0.4328


Epoch 108/135 completed in 0.19 seconds with a training error of 0.5280 a validation loss of 0.3849


Epoch 109/135 completed in 0.19 seconds with a training error of 0.4502 a validation loss of 0.6700


Epoch 110/135 completed in 0.19 seconds with a training error of 0.5327 a validation loss of 0.3059


Epoch 111/135 completed in 0.19 seconds with a training error of 0.4246 a validation loss of 0.9092


Epoch 112/135 completed in 0.19 seconds with a training error of 0.4955 a validation loss of 0.8684


Epoch 113/135 completed in 0.19 seconds with a training error of 0.3861 a validation loss of 0.1789


Epoch 114/135 completed in 0.19 seconds with a training error of 0.3151 a validation loss of 0.2605


Epoch 115/135 completed in 0.19 seconds with a training error of 0.1888 a validation loss of 1.3546


Epoch 116/135 completed in 0.19 seconds with a training error of 0.7184 a validation loss of 0.1810


Epoch 117/135 completed in 0.19 seconds with a training error of 0.1815 a validation loss of 0.1090


Epoch 118/135 completed in 0.19 seconds with a training error of 0.1004 a validation loss of 0.0627


Epoch 119/135 completed in 0.19 seconds with a training error of 0.4043 a validation loss of 0.1153


Epoch 120/135 completed in 0.19 seconds with a training error of 0.1006 a validation loss of 0.0545


Epoch 121/135 completed in 0.19 seconds with a training error of 0.0570 a validation loss of 0.0368


Epoch 122/135 completed in 0.19 seconds with a training error of 0.6365 a validation loss of 0.1679


Epoch 123/135 completed in 0.19 seconds with a training error of 0.1129 a validation loss of 0.0605


Epoch 124/135 completed in 0.19 seconds with a training error of 0.4114 a validation loss of 0.1941


Epoch 125/135 completed in 0.19 seconds with a training error of 0.1292 a validation loss of 0.0858


Epoch 126/135 completed in 0.19 seconds with a training error of 0.0623 a validation loss of 0.0393


Epoch 127/135 completed in 0.19 seconds with a training error of 0.0383 a validation loss of 0.0251


Epoch 128/135 completed in 0.19 seconds with a training error of 0.0268 a validation loss of 0.0190


Epoch 129/135 completed in 0.19 seconds with a training error of 0.0205 a validation loss of 0.0143


Epoch 130/135 completed in 0.19 seconds with a training error of 0.0225 a validation loss of 1.1671


Epoch 131/135 completed in 0.19 seconds with a training error of 0.6498 a validation loss of 0.0455


Epoch 132/135 completed in 0.19 seconds with a training error of 0.0435 a validation loss of 0.0281


Epoch 133/135 completed in 0.19 seconds with a training error of 0.0292 a validation loss of 0.0203


Epoch 134/135 completed in 0.19 seconds with a training error of 0.0218 a validation loss of 0.0151


Epoch 135/135 completed in 0.19 seconds with a training error of 0.0171 a validation loss of 0.0123

Entrenamiento completado

Loss plot saved at /home/newfasant2/N101/N101-IA/Models/Classification_npy_SvDA_POV_5.16_SNR_5.0_1200_0samples_135ep_32bs_loss_plot.png

Model saved

Test Accuracy: 100.00%
Confusion matrix saved at /home/newfasant2/N101/N101-IA/Models/Classification_npy_SvDA_POV_5.16_SNR_5.0_1200_0samples_135ep_32bs_confusion_matrix.png
0.0020626982053120932
Error medio de test:  tensor(0.0146, device='cuda:1')
Fin de la ejecución

2025-06-26 17:05:32,476 - INFO - 
Los argumentos son {'input_path': '/home/newfasant2/N101/N101-IA/Datasets/Reorganized/Classification_1200_0_16_f_16_d_POV_5.16_SNR_5.0', 'use_case': 'Classification', 'data_type': 'field'}


Using cuda:1 device, field data type, Classification use case and seed 10.


Epoch 1/135 completed in 0.46 seconds with a training error of 1.3859 a validation loss of 1.3867


Epoch 2/135 completed in 0.19 seconds with a training error of 1.3847 a validation loss of 1.3858


Epoch 3/135 completed in 0.19 seconds with a training error of 1.3835 a validation loss of 1.3851


Epoch 4/135 completed in 0.19 seconds with a training error of 1.3826 a validation loss of 1.3840


Epoch 5/135 completed in 0.19 seconds with a training error of 1.3813 a validation loss of 1.3830


Epoch 6/135 completed in 0.20 seconds with a training error of 1.3801 a validation loss of 1.3815


Epoch 7/135 completed in 0.19 seconds with a training error of 1.3786 a validation loss of 1.3799


Epoch 8/135 completed in 0.19 seconds with a training error of 1.3768 a validation loss of 1.3777


Epoch 9/135 completed in 0.19 seconds with a training error of 1.3744 a validation loss of 1.3756


Epoch 10/135 completed in 0.19 seconds with a training error of 1.3719 a validation loss of 1.3725


Epoch 11/135 completed in 0.19 seconds with a training error of 1.3689 a validation loss of 1.3683


Epoch 12/135 completed in 0.20 seconds with a training error of 1.3641 a validation loss of 1.3636


Epoch 13/135 completed in 0.20 seconds with a training error of 1.3586 a validation loss of 1.3561


Epoch 14/135 completed in 0.19 seconds with a training error of 1.3504 a validation loss of 1.3460


Epoch 15/135 completed in 0.20 seconds with a training error of 1.3395 a validation loss of 1.3315


Epoch 16/135 completed in 0.19 seconds with a training error of 1.3226 a validation loss of 1.3119


Epoch 17/135 completed in 0.20 seconds with a training error of 1.2952 a validation loss of 1.2730


Epoch 18/135 completed in 0.18 seconds with a training error of 1.2472 a validation loss of 1.2020


Epoch 19/135 completed in 0.20 seconds with a training error of 1.1439 a validation loss of 1.0453


Epoch 20/135 completed in 0.20 seconds with a training error of 0.9575 a validation loss of 0.8319


Epoch 21/135 completed in 0.19 seconds with a training error of 0.7902 a validation loss of 0.7811


Epoch 22/135 completed in 0.19 seconds with a training error of 0.6565 a validation loss of 0.5206


Epoch 23/135 completed in 0.20 seconds with a training error of 0.5971 a validation loss of 0.9501


Epoch 24/135 completed in 0.19 seconds with a training error of 0.3856 a validation loss of 0.2506


Epoch 25/135 completed in 0.20 seconds with a training error of 0.1276 a validation loss of 0.2114


Epoch 26/135 completed in 0.20 seconds with a training error of 0.1205 a validation loss of 0.0291


Epoch 27/135 completed in 0.20 seconds with a training error of 0.0277 a validation loss of 0.0157


Epoch 28/135 completed in 0.20 seconds with a training error of 0.0167 a validation loss of 0.0124


Epoch 29/135 completed in 0.20 seconds with a training error of 0.0120 a validation loss of 0.0074


Epoch 30/135 completed in 0.20 seconds with a training error of 0.0086 a validation loss of 0.0060


Epoch 31/135 completed in 0.20 seconds with a training error of 0.0071 a validation loss of 0.0048


Epoch 32/135 completed in 0.19 seconds with a training error of 0.0056 a validation loss of 0.0040


Epoch 33/135 completed in 0.20 seconds with a training error of 0.0047 a validation loss of 0.0034


Epoch 34/135 completed in 0.19 seconds with a training error of 0.0038 a validation loss of 0.0028


Epoch 35/135 completed in 0.19 seconds with a training error of 0.0034 a validation loss of 0.0028


Epoch 36/135 completed in 0.19 seconds with a training error of 0.0029 a validation loss of 0.0023


Epoch 37/135 completed in 0.19 seconds with a training error of 0.0027 a validation loss of 0.0033


Epoch 38/135 completed in 0.19 seconds with a training error of 0.0024 a validation loss of 0.0019


Epoch 39/135 completed in 0.19 seconds with a training error of 0.0021 a validation loss of 0.0021


Epoch 40/135 completed in 0.19 seconds with a training error of 0.0020 a validation loss of 0.0015


Epoch 41/135 completed in 0.19 seconds with a training error of 0.0020 a validation loss of 0.0016


Epoch 42/135 completed in 0.20 seconds with a training error of 0.0018 a validation loss of 0.0014


Epoch 43/135 completed in 0.19 seconds with a training error of 0.0015 a validation loss of 0.0012


Epoch 44/135 completed in 0.19 seconds with a training error of 0.0014 a validation loss of 0.0012


Epoch 45/135 completed in 0.19 seconds with a training error of 0.0013 a validation loss of 0.0011


Epoch 46/135 completed in 0.19 seconds with a training error of 0.0012 a validation loss of 0.0010


Epoch 47/135 completed in 0.19 seconds with a training error of 0.0012 a validation loss of 0.0010


Epoch 48/135 completed in 0.18 seconds with a training error of 0.0010 a validation loss of 0.0009


Epoch 49/135 completed in 0.19 seconds with a training error of 0.0010 a validation loss of 0.0008


Epoch 50/135 completed in 0.19 seconds with a training error of 0.0010 a validation loss of 0.0009


Epoch 51/135 completed in 0.19 seconds with a training error of 0.0009 a validation loss of 0.0008


Epoch 52/135 completed in 0.19 seconds with a training error of 0.0009 a validation loss of 0.0008


Epoch 53/135 completed in 0.19 seconds with a training error of 0.0008 a validation loss of 0.0007


Epoch 54/135 completed in 0.19 seconds with a training error of 0.0008 a validation loss of 0.0007


Epoch 55/135 completed in 0.19 seconds with a training error of 0.0008 a validation loss of 0.0007


Epoch 56/135 completed in 0.19 seconds with a training error of 0.0007 a validation loss of 0.0006


Epoch 57/135 completed in 0.19 seconds with a training error of 0.0007 a validation loss of 0.0006


Epoch 58/135 completed in 0.19 seconds with a training error of 0.0007 a validation loss of 0.0006


Epoch 59/135 completed in 0.19 seconds with a training error of 0.0006 a validation loss of 0.0006


Epoch 60/135 completed in 0.19 seconds with a training error of 0.0007 a validation loss of 0.0008


Epoch 61/135 completed in 0.19 seconds with a training error of 0.0008 a validation loss of 0.0007


Epoch 62/135 completed in 0.19 seconds with a training error of 0.0006 a validation loss of 0.0005


Epoch 63/135 completed in 0.19 seconds with a training error of 0.0005 a validation loss of 0.0005


Epoch 64/135 completed in 0.19 seconds with a training error of 0.0005 a validation loss of 0.0005


Epoch 65/135 completed in 0.19 seconds with a training error of 0.0005 a validation loss of 0.0005


Epoch 66/135 completed in 0.19 seconds with a training error of 0.0005 a validation loss of 0.0004


Epoch 67/135 completed in 0.19 seconds with a training error of 0.0005 a validation loss of 0.0004


Epoch 68/135 completed in 0.19 seconds with a training error of 0.0005 a validation loss of 0.0004


Epoch 69/135 completed in 0.19 seconds with a training error of 0.0005 a validation loss of 0.0004


Epoch 70/135 completed in 0.19 seconds with a training error of 0.0004 a validation loss of 0.0004


Epoch 71/135 completed in 0.19 seconds with a training error of 0.0004 a validation loss of 0.0004


Epoch 72/135 completed in 0.19 seconds with a training error of 0.0004 a validation loss of 0.0004


Epoch 73/135 completed in 0.19 seconds with a training error of 0.0004 a validation loss of 0.0004


Epoch 74/135 completed in 0.21 seconds with a training error of 0.0004 a validation loss of 0.0004


Epoch 75/135 completed in 0.19 seconds with a training error of 0.0004 a validation loss of 0.0003


Epoch 76/135 completed in 0.19 seconds with a training error of 0.0004 a validation loss of 0.0003


Epoch 77/135 completed in 0.19 seconds with a training error of 0.0004 a validation loss of 0.0004


Epoch 78/135 completed in 0.19 seconds with a training error of 0.0004 a validation loss of 0.0003


Epoch 79/135 completed in 0.19 seconds with a training error of 0.0004 a validation loss of 0.0003


Epoch 80/135 completed in 0.19 seconds with a training error of 0.0003 a validation loss of 0.0003


Epoch 81/135 completed in 0.19 seconds with a training error of 0.0004 a validation loss of 0.0003


Epoch 82/135 completed in 0.19 seconds with a training error of 0.0003 a validation loss of 0.0003


Epoch 83/135 completed in 0.19 seconds with a training error of 0.0003 a validation loss of 0.0003


Epoch 84/135 completed in 0.19 seconds with a training error of 0.0003 a validation loss of 0.0003


Epoch 85/135 completed in 0.19 seconds with a training error of 0.0003 a validation loss of 0.0003


Epoch 86/135 completed in 0.19 seconds with a training error of 0.0003 a validation loss of 0.0003


Epoch 87/135 completed in 0.19 seconds with a training error of 0.0003 a validation loss of 0.0003


Epoch 88/135 completed in 0.19 seconds with a training error of 0.0003 a validation loss of 0.0003


Epoch 89/135 completed in 0.19 seconds with a training error of 0.0003 a validation loss of 0.0003


Epoch 90/135 completed in 0.19 seconds with a training error of 0.0003 a validation loss of 0.0003


Epoch 91/135 completed in 0.19 seconds with a training error of 0.0003 a validation loss of 0.0003


Epoch 92/135 completed in 0.21 seconds with a training error of 0.0003 a validation loss of 0.0002


Epoch 93/135 completed in 0.19 seconds with a training error of 0.0003 a validation loss of 0.0002


Epoch 94/135 completed in 0.19 seconds with a training error of 0.0003 a validation loss of 0.0002


Epoch 95/135 completed in 0.19 seconds with a training error of 0.0002 a validation loss of 0.0002


Epoch 96/135 completed in 0.19 seconds with a training error of 0.0002 a validation loss of 0.0002


Epoch 97/135 completed in 0.19 seconds with a training error of 0.0002 a validation loss of 0.0002


Epoch 98/135 completed in 0.19 seconds with a training error of 0.0002 a validation loss of 0.0002


Epoch 99/135 completed in 0.19 seconds with a training error of 0.0002 a validation loss of 0.0002


Epoch 100/135 completed in 0.19 seconds with a training error of 0.0002 a validation loss of 0.0002


Epoch 101/135 completed in 0.19 seconds with a training error of 0.0002 a validation loss of 0.0002


Epoch 102/135 completed in 0.19 seconds with a training error of 0.0002 a validation loss of 0.0002


Epoch 103/135 completed in 0.19 seconds with a training error of 0.0002 a validation loss of 0.0002


Epoch 104/135 completed in 0.19 seconds with a training error of 0.0002 a validation loss of 0.0002


Epoch 105/135 completed in 0.19 seconds with a training error of 0.0002 a validation loss of 0.0002


Epoch 106/135 completed in 0.19 seconds with a training error of 0.0002 a validation loss of 0.0002


Epoch 107/135 completed in 0.19 seconds with a training error of 0.0002 a validation loss of 0.0002


Epoch 108/135 completed in 0.19 seconds with a training error of 0.0002 a validation loss of 0.0002


Epoch 109/135 completed in 0.19 seconds with a training error of 0.0002 a validation loss of 0.0002


Epoch 110/135 completed in 0.19 seconds with a training error of 0.0002 a validation loss of 0.0002


Epoch 111/135 completed in 0.19 seconds with a training error of 0.0002 a validation loss of 0.0002


Epoch 112/135 completed in 0.19 seconds with a training error of 0.0002 a validation loss of 0.0002


Epoch 113/135 completed in 0.19 seconds with a training error of 0.0002 a validation loss of 0.0002


Epoch 114/135 completed in 0.19 seconds with a training error of 0.0002 a validation loss of 0.0002


Epoch 115/135 completed in 0.19 seconds with a training error of 0.0002 a validation loss of 0.0002


Epoch 116/135 completed in 0.19 seconds with a training error of 0.0002 a validation loss of 0.0002


Epoch 117/135 completed in 0.19 seconds with a training error of 0.0002 a validation loss of 0.0002


Epoch 118/135 completed in 0.19 seconds with a training error of 0.0002 a validation loss of 0.0002


Epoch 119/135 completed in 0.19 seconds with a training error of 0.0002 a validation loss of 0.0002


Epoch 120/135 completed in 0.19 seconds with a training error of 0.0002 a validation loss of 0.0002


Epoch 121/135 completed in 0.19 seconds with a training error of 0.0002 a validation loss of 0.0002


Epoch 122/135 completed in 0.19 seconds with a training error of 0.0002 a validation loss of 0.0002


Epoch 123/135 completed in 0.19 seconds with a training error of 0.0002 a validation loss of 0.0002


Epoch 124/135 completed in 0.19 seconds with a training error of 0.0002 a validation loss of 0.0002


Epoch 125/135 completed in 0.19 seconds with a training error of 0.0002 a validation loss of 0.0002


Epoch 126/135 completed in 0.19 seconds with a training error of 0.0002 a validation loss of 0.0002


Epoch 127/135 completed in 0.19 seconds with a training error of 0.0002 a validation loss of 0.0001


Epoch 128/135 completed in 0.21 seconds with a training error of 0.0002 a validation loss of 0.0001


Epoch 129/135 completed in 0.19 seconds with a training error of 0.0002 a validation loss of 0.0001


Epoch 130/135 completed in 0.19 seconds with a training error of 0.0001 a validation loss of 0.0001


Epoch 131/135 completed in 0.19 seconds with a training error of 0.0001 a validation loss of 0.0001


Epoch 132/135 completed in 0.19 seconds with a training error of 0.0002 a validation loss of 0.0001


Epoch 133/135 completed in 0.19 seconds with a training error of 0.0001 a validation loss of 0.0001


Epoch 134/135 completed in 0.19 seconds with a training error of 0.0001 a validation loss of 0.0001


Epoch 135/135 completed in 0.19 seconds with a training error of 0.0001 a validation loss of 0.0001

Entrenamiento completado

Loss plot saved at /home/newfasant2/N101/N101-IA/Models/Classification_field_SvDA_POV_5.16_SNR_5.0_1200_0samples_135ep_32bs_loss_plot.png

Model saved

Test Accuracy: 100.00%
Confusion matrix saved at /home/newfasant2/N101/N101-IA/Models/Classification_field_SvDA_POV_5.16_SNR_5.0_1200_0samples_135ep_32bs_confusion_matrix.png
0.0021462652418348526
Error medio de test:  tensor(0.0001, device='cuda:1')
Fin de la ejecución

2025-06-26 17:07:52,305 - INFO - 
Los argumentos son {'input_path': '/home/newfasant2/N101/N101-IA/Datasets/Reorganized/Classification_1200_0_16_f_16_d_POV_5.16_SNR_5.0', 'use_case': 'Classification', 'data_type': 'ISAR'}


Using cuda:1 device, ISAR data type, Classification use case and seed 10.


Epoch 1/135 completed in 1.23 seconds with a training error of 1.3864 a validation loss of 1.3867


Epoch 2/135 completed in 1.00 seconds with a training error of 1.3862 a validation loss of 1.3869


Epoch 3/135 completed in 1.01 seconds with a training error of 1.3860 a validation loss of 1.3872


Epoch 4/135 completed in 1.01 seconds with a training error of 1.3859 a validation loss of 1.3874


Epoch 5/135 completed in 1.00 seconds with a training error of 1.3858 a validation loss of 1.3876


Epoch 6/135 completed in 1.00 seconds with a training error of 1.3858 a validation loss of 1.3876


Epoch 7/135 completed in 1.01 seconds with a training error of 1.3857 a validation loss of 1.3877


Epoch 8/135 completed in 1.01 seconds with a training error of 1.3856 a validation loss of 1.3877


Epoch 9/135 completed in 1.00 seconds with a training error of 1.3852 a validation loss of 1.3880


Epoch 10/135 completed in 1.01 seconds with a training error of 1.3853 a validation loss of 1.3880


Epoch 11/135 completed in 1.00 seconds with a training error of 1.3854 a validation loss of 1.3879


Epoch 12/135 completed in 1.00 seconds with a training error of 1.3849 a validation loss of 1.3880


Epoch 13/135 completed in 1.00 seconds with a training error of 1.3850 a validation loss of 1.3878


Epoch 14/135 completed in 1.01 seconds with a training error of 1.3848 a validation loss of 1.3876


Epoch 15/135 completed in 1.00 seconds with a training error of 1.3845 a validation loss of 1.3874


Epoch 16/135 completed in 1.00 seconds with a training error of 1.3838 a validation loss of 1.3878


Epoch 17/135 completed in 1.00 seconds with a training error of 1.3838 a validation loss of 1.3877


Epoch 18/135 completed in 1.00 seconds with a training error of 1.3837 a validation loss of 1.3874


Epoch 19/135 completed in 1.00 seconds with a training error of 1.3838 a validation loss of 1.3868


Epoch 20/135 completed in 1.00 seconds with a training error of 1.3828 a validation loss of 1.3864


Epoch 21/135 completed in 1.00 seconds with a training error of 1.3825 a validation loss of 1.3858


Epoch 22/135 completed in 1.00 seconds with a training error of 1.3817 a validation loss of 1.3850


Epoch 23/135 completed in 1.00 seconds with a training error of 1.3806 a validation loss of 1.3841


Epoch 24/135 completed in 1.00 seconds with a training error of 1.3794 a validation loss of 1.3828


Epoch 25/135 completed in 1.00 seconds with a training error of 1.3773 a validation loss of 1.3811


Epoch 26/135 completed in 1.00 seconds with a training error of 1.3755 a validation loss of 1.3776


Epoch 27/135 completed in 1.00 seconds with a training error of 1.3708 a validation loss of 1.3734


Epoch 28/135 completed in 1.00 seconds with a training error of 1.3648 a validation loss of 1.3657


Epoch 29/135 completed in 1.01 seconds with a training error of 1.3553 a validation loss of 1.3506


Epoch 30/135 completed in 1.00 seconds with a training error of 1.3345 a validation loss of 1.3180


Epoch 31/135 completed in 1.00 seconds with a training error of 1.2752 a validation loss of 1.2009


Epoch 32/135 completed in 1.00 seconds with a training error of 0.9027 a validation loss of 0.4484


Epoch 33/135 completed in 1.00 seconds with a training error of 0.1970 a validation loss of 0.0689


Epoch 34/135 completed in 1.01 seconds with a training error of 0.0267 a validation loss of 0.0132


Epoch 35/135 completed in 1.01 seconds with a training error of 0.0097 a validation loss of 0.0068


Epoch 36/135 completed in 1.01 seconds with a training error of 0.0053 a validation loss of 0.0039


Epoch 37/135 completed in 1.01 seconds with a training error of 0.0034 a validation loss of 0.0028


Epoch 38/135 completed in 1.00 seconds with a training error of 0.0024 a validation loss of 0.0021


Epoch 39/135 completed in 1.00 seconds with a training error of 0.0019 a validation loss of 0.0017


Epoch 40/135 completed in 1.01 seconds with a training error of 0.0016 a validation loss of 0.0014


Epoch 41/135 completed in 1.01 seconds with a training error of 0.0013 a validation loss of 0.0011


Epoch 42/135 completed in 1.00 seconds with a training error of 0.0011 a validation loss of 0.0010


Epoch 43/135 completed in 1.01 seconds with a training error of 0.0010 a validation loss of 0.0009


Epoch 44/135 completed in 1.01 seconds with a training error of 0.0008 a validation loss of 0.0007


Epoch 45/135 completed in 1.01 seconds with a training error of 0.0007 a validation loss of 0.0007


Epoch 46/135 completed in 1.01 seconds with a training error of 0.0007 a validation loss of 0.0006


Epoch 47/135 completed in 1.01 seconds with a training error of 0.0006 a validation loss of 0.0005


Epoch 48/135 completed in 1.00 seconds with a training error of 0.0005 a validation loss of 0.0005


Epoch 49/135 completed in 1.01 seconds with a training error of 0.0005 a validation loss of 0.0005


Epoch 50/135 completed in 1.01 seconds with a training error of 0.0005 a validation loss of 0.0004


Epoch 51/135 completed in 1.01 seconds with a training error of 0.0004 a validation loss of 0.0004


Epoch 52/135 completed in 1.01 seconds with a training error of 0.0004 a validation loss of 0.0004


Epoch 53/135 completed in 1.01 seconds with a training error of 0.0004 a validation loss of 0.0003


Epoch 54/135 completed in 1.01 seconds with a training error of 0.0004 a validation loss of 0.0003


Epoch 55/135 completed in 1.01 seconds with a training error of 0.0003 a validation loss of 0.0003


Epoch 56/135 completed in 1.01 seconds with a training error of 0.0003 a validation loss of 0.0003


Epoch 57/135 completed in 1.01 seconds with a training error of 0.0003 a validation loss of 0.0003


Epoch 58/135 completed in 1.00 seconds with a training error of 0.0003 a validation loss of 0.0003


Epoch 59/135 completed in 1.00 seconds with a training error of 0.0003 a validation loss of 0.0002


Epoch 60/135 completed in 1.00 seconds with a training error of 0.0003 a validation loss of 0.0002


Epoch 61/135 completed in 1.00 seconds with a training error of 0.0002 a validation loss of 0.0002


Epoch 62/135 completed in 1.00 seconds with a training error of 0.0002 a validation loss of 0.0002


Epoch 63/135 completed in 1.00 seconds with a training error of 0.0002 a validation loss of 0.0002


Epoch 64/135 completed in 1.00 seconds with a training error of 0.0002 a validation loss of 0.0002


Epoch 65/135 completed in 1.00 seconds with a training error of 0.0002 a validation loss of 0.0002


Epoch 66/135 completed in 1.00 seconds with a training error of 0.0002 a validation loss of 0.0002


Epoch 67/135 completed in 1.00 seconds with a training error of 0.0002 a validation loss of 0.0002


Epoch 68/135 completed in 1.01 seconds with a training error of 0.0002 a validation loss of 0.0002


Epoch 69/135 completed in 1.01 seconds with a training error of 0.0002 a validation loss of 0.0002


Epoch 70/135 completed in 1.01 seconds with a training error of 0.0002 a validation loss of 0.0002


Epoch 71/135 completed in 1.01 seconds with a training error of 0.0002 a validation loss of 0.0001


Epoch 72/135 completed in 1.01 seconds with a training error of 0.0002 a validation loss of 0.0001


Epoch 73/135 completed in 1.01 seconds with a training error of 0.0002 a validation loss of 0.0001


Epoch 74/135 completed in 1.01 seconds with a training error of 0.0002 a validation loss of 0.0001


Epoch 75/135 completed in 1.01 seconds with a training error of 0.0001 a validation loss of 0.0001


Epoch 76/135 completed in 1.01 seconds with a training error of 0.0001 a validation loss of 0.0001


Epoch 77/135 completed in 1.01 seconds with a training error of 0.0001 a validation loss of 0.0001


Epoch 78/135 completed in 1.01 seconds with a training error of 0.0001 a validation loss of 0.0001


Epoch 79/135 completed in 1.01 seconds with a training error of 0.0001 a validation loss of 0.0001


Epoch 80/135 completed in 1.01 seconds with a training error of 0.0001 a validation loss of 0.0001


Epoch 81/135 completed in 1.01 seconds with a training error of 0.0001 a validation loss of 0.0001


Epoch 82/135 completed in 1.01 seconds with a training error of 0.0001 a validation loss of 0.0001


Epoch 83/135 completed in 1.01 seconds with a training error of 0.0001 a validation loss of 0.0001


Epoch 84/135 completed in 1.01 seconds with a training error of 0.0001 a validation loss of 0.0001


Epoch 85/135 completed in 1.01 seconds with a training error of 0.0001 a validation loss of 0.0001


Epoch 86/135 completed in 1.01 seconds with a training error of 0.0001 a validation loss of 0.0001


Epoch 87/135 completed in 1.01 seconds with a training error of 0.0001 a validation loss of 0.0001


Epoch 88/135 completed in 1.01 seconds with a training error of 0.0001 a validation loss of 0.0001


Epoch 89/135 completed in 1.01 seconds with a training error of 0.0001 a validation loss of 0.0001


Epoch 90/135 completed in 1.01 seconds with a training error of 0.0001 a validation loss of 0.0001


Epoch 91/135 completed in 1.01 seconds with a training error of 0.0001 a validation loss of 0.0001


Epoch 92/135 completed in 1.01 seconds with a training error of 0.0001 a validation loss of 0.0001


Epoch 93/135 completed in 1.01 seconds with a training error of 0.0001 a validation loss of 0.0001


Epoch 94/135 completed in 1.01 seconds with a training error of 0.0001 a validation loss of 0.0001


Epoch 95/135 completed in 1.01 seconds with a training error of 0.0001 a validation loss of 0.0001


Epoch 96/135 completed in 1.01 seconds with a training error of 0.0001 a validation loss of 0.0001


Epoch 97/135 completed in 1.01 seconds with a training error of 0.0001 a validation loss of 0.0001


Epoch 98/135 completed in 1.01 seconds with a training error of 0.0001 a validation loss of 0.0001


Epoch 99/135 completed in 1.01 seconds with a training error of 0.0001 a validation loss of 0.0001


Epoch 100/135 completed in 1.01 seconds with a training error of 0.0001 a validation loss of 0.0001


Epoch 101/135 completed in 1.01 seconds with a training error of 0.0001 a validation loss of 0.0001


Epoch 102/135 completed in 1.01 seconds with a training error of 0.0001 a validation loss of 0.0001


Epoch 103/135 completed in 1.01 seconds with a training error of 0.0001 a validation loss of 0.0001


Epoch 104/135 completed in 1.01 seconds with a training error of 0.0001 a validation loss of 0.0001


Epoch 105/135 completed in 1.01 seconds with a training error of 0.0001 a validation loss of 0.0001


Epoch 106/135 completed in 1.01 seconds with a training error of 0.0001 a validation loss of 0.0001


Epoch 107/135 completed in 1.02 seconds with a training error of 0.0001 a validation loss of 0.0001


Epoch 108/135 completed in 1.01 seconds with a training error of 0.0001 a validation loss of 0.0001


Epoch 109/135 completed in 1.01 seconds with a training error of 0.0001 a validation loss of 0.0001


Epoch 110/135 completed in 1.01 seconds with a training error of 0.0001 a validation loss of 0.0001


Epoch 111/135 completed in 1.01 seconds with a training error of 0.0001 a validation loss of 0.0001


Epoch 112/135 completed in 1.01 seconds with a training error of 0.0001 a validation loss of 0.0001


Epoch 113/135 completed in 1.01 seconds with a training error of 0.0001 a validation loss of 0.0001


Epoch 114/135 completed in 1.01 seconds with a training error of 0.0001 a validation loss of 0.0001


Epoch 115/135 completed in 1.01 seconds with a training error of 0.0001 a validation loss of 0.0001


Epoch 116/135 completed in 1.01 seconds with a training error of 0.0001 a validation loss of 0.0001


Epoch 117/135 completed in 1.01 seconds with a training error of 0.0001 a validation loss of 0.0001


Epoch 118/135 completed in 1.01 seconds with a training error of 0.0001 a validation loss of 0.0001


Epoch 119/135 completed in 1.01 seconds with a training error of 0.0001 a validation loss of 0.0001


Epoch 120/135 completed in 1.01 seconds with a training error of 0.0001 a validation loss of 0.0001


Epoch 121/135 completed in 1.01 seconds with a training error of 0.0001 a validation loss of 0.0001


Epoch 122/135 completed in 1.02 seconds with a training error of 0.0001 a validation loss of 0.0001


Epoch 123/135 completed in 1.01 seconds with a training error of 0.0001 a validation loss of 0.0001


Epoch 124/135 completed in 1.01 seconds with a training error of 0.0001 a validation loss of 0.0000


Epoch 125/135 completed in 1.01 seconds with a training error of 0.0001 a validation loss of 0.0000


Epoch 126/135 completed in 1.01 seconds with a training error of 0.0001 a validation loss of 0.0000


Epoch 127/135 completed in 1.01 seconds with a training error of 0.0001 a validation loss of 0.0000


Epoch 128/135 completed in 1.01 seconds with a training error of 0.0001 a validation loss of 0.0000


Epoch 129/135 completed in 1.01 seconds with a training error of 0.0001 a validation loss of 0.0000


Epoch 130/135 completed in 1.01 seconds with a training error of 0.0001 a validation loss of 0.0000


Epoch 131/135 completed in 1.01 seconds with a training error of 0.0001 a validation loss of 0.0000


Epoch 132/135 completed in 1.01 seconds with a training error of 0.0000 a validation loss of 0.0000


Epoch 133/135 completed in 1.01 seconds with a training error of 0.0000 a validation loss of 0.0000


Epoch 134/135 completed in 1.01 seconds with a training error of 0.0000 a validation loss of 0.0000


Epoch 135/135 completed in 1.01 seconds with a training error of 0.0000 a validation loss of 0.0000

Entrenamiento completado

Loss plot saved at /home/newfasant2/N101/N101-IA/Models/Classification_ISAR_SvDA_POV_5.16_SNR_5.0_1200_0samples_135ep_32bs_loss_plot.png

Model saved

Test Accuracy: 100.00%
Confusion matrix saved at /home/newfasant2/N101/N101-IA/Models/Classification_ISAR_SvDA_POV_5.16_SNR_5.0_1200_0samples_135ep_32bs_confusion_matrix.png
0.0025447527567545574
Error medio de test:  tensor(5.2567e-05, device='cuda:1')
Fin de la ejecución

2025-06-26 17:08:24,853 - INFO - 
Los argumentos son {'input_path': '/home/newfasant2/N101/N101-IA/Datasets/Reorganized/Classification_1200_0_16_f_16_d_POV_5.16_SNR_5.0', 'use_case': 'Classification', 'data_type': 'field_ph_npy'}


Using cuda:1 device, field_ph_npy data type, Classification use case and seed 10.


Epoch 1/135 completed in 1.15 seconds with a training error of 1.3852 a validation loss of 1.3853


Epoch 2/135 completed in 0.20 seconds with a training error of 1.3831 a validation loss of 1.3832


Epoch 3/135 completed in 0.20 seconds with a training error of 1.3809 a validation loss of 1.3812


Epoch 4/135 completed in 0.20 seconds with a training error of 1.3788 a validation loss of 1.3786


Epoch 5/135 completed in 0.21 seconds with a training error of 1.3760 a validation loss of 1.3755


Epoch 6/135 completed in 0.20 seconds with a training error of 1.3727 a validation loss of 1.3712


Epoch 7/135 completed in 0.19 seconds with a training error of 1.3684 a validation loss of 1.3658


Epoch 8/135 completed in 0.20 seconds with a training error of 1.3623 a validation loss of 1.3574


Epoch 9/135 completed in 0.20 seconds with a training error of 1.3533 a validation loss of 1.3460


Epoch 10/135 completed in 0.20 seconds with a training error of 1.3394 a validation loss of 1.3260


Epoch 11/135 completed in 0.20 seconds with a training error of 1.3150 a validation loss of 1.2882


Epoch 12/135 completed in 0.18 seconds with a training error of 1.2652 a validation loss of 1.2106


Epoch 13/135 completed in 0.19 seconds with a training error of 1.1398 a validation loss of 1.0087


Epoch 14/135 completed in 0.19 seconds with a training error of 0.9231 a validation loss of 0.8348


Epoch 15/135 completed in 0.19 seconds with a training error of 0.7668 a validation loss of 0.6462


Epoch 16/135 completed in 0.19 seconds with a training error of 0.6182 a validation loss of 0.9143


Epoch 17/135 completed in 0.20 seconds with a training error of 0.4671 a validation loss of 0.7438


Epoch 18/135 completed in 0.21 seconds with a training error of 0.3378 a validation loss of 0.3351


Epoch 19/135 completed in 0.20 seconds with a training error of 0.2235 a validation loss of 0.0926


Epoch 20/135 completed in 0.20 seconds with a training error of 0.0555 a validation loss of 0.0320


Epoch 21/135 completed in 0.20 seconds with a training error of 0.0274 a validation loss of 0.0209


Epoch 22/135 completed in 0.20 seconds with a training error of 0.0166 a validation loss of 0.0129


Epoch 23/135 completed in 0.20 seconds with a training error of 0.0208 a validation loss of 0.0092


Epoch 24/135 completed in 0.20 seconds with a training error of 0.4747 a validation loss of 0.3713


Epoch 25/135 completed in 0.20 seconds with a training error of 0.2591 a validation loss of 0.0651


Epoch 26/135 completed in 0.20 seconds with a training error of 0.0382 a validation loss of 0.0156


Epoch 27/135 completed in 0.20 seconds with a training error of 0.0142 a validation loss of 0.0088


Epoch 28/135 completed in 0.20 seconds with a training error of 0.0088 a validation loss of 0.0056


Epoch 29/135 completed in 0.20 seconds with a training error of 0.0061 a validation loss of 0.0036


Epoch 30/135 completed in 0.20 seconds with a training error of 0.0046 a validation loss of 0.0030


Epoch 31/135 completed in 0.20 seconds with a training error of 0.0037 a validation loss of 0.0025


Epoch 32/135 completed in 0.20 seconds with a training error of 0.0032 a validation loss of 0.0023


Epoch 33/135 completed in 0.20 seconds with a training error of 0.0027 a validation loss of 0.0020


Epoch 34/135 completed in 0.20 seconds with a training error of 0.0024 a validation loss of 0.0017


Epoch 35/135 completed in 0.19 seconds with a training error of 0.0022 a validation loss of 0.0015


Epoch 36/135 completed in 0.19 seconds with a training error of 0.0019 a validation loss of 0.0014


Epoch 37/135 completed in 0.19 seconds with a training error of 0.0018 a validation loss of 0.0015


Epoch 38/135 completed in 0.20 seconds with a training error of 0.0016 a validation loss of 0.0012


Epoch 39/135 completed in 0.20 seconds with a training error of 0.0014 a validation loss of 0.0011


Epoch 40/135 completed in 0.20 seconds with a training error of 0.0013 a validation loss of 0.0010


Epoch 41/135 completed in 0.20 seconds with a training error of 0.0014 a validation loss of 0.0008


Epoch 42/135 completed in 0.20 seconds with a training error of 0.0012 a validation loss of 0.0009


Epoch 43/135 completed in 0.20 seconds with a training error of 0.0011 a validation loss of 0.0007


Epoch 44/135 completed in 0.21 seconds with a training error of 0.0010 a validation loss of 0.0008


Epoch 45/135 completed in 0.20 seconds with a training error of 0.0009 a validation loss of 0.0007


Epoch 46/135 completed in 0.19 seconds with a training error of 0.0009 a validation loss of 0.0006


Epoch 47/135 completed in 0.18 seconds with a training error of 0.0009 a validation loss of 0.0006


Epoch 48/135 completed in 0.18 seconds with a training error of 0.0008 a validation loss of 0.0006


Epoch 49/135 completed in 0.18 seconds with a training error of 0.0008 a validation loss of 0.0006


Epoch 50/135 completed in 0.19 seconds with a training error of 0.0007 a validation loss of 0.0006


Epoch 51/135 completed in 0.18 seconds with a training error of 0.0007 a validation loss of 0.0005


Epoch 52/135 completed in 0.18 seconds with a training error of 0.0007 a validation loss of 0.0005


Epoch 53/135 completed in 0.20 seconds with a training error of 0.0006 a validation loss of 0.0005


Epoch 54/135 completed in 0.20 seconds with a training error of 0.0006 a validation loss of 0.0005


Epoch 55/135 completed in 0.19 seconds with a training error of 0.0006 a validation loss of 0.0005


Epoch 56/135 completed in 0.18 seconds with a training error of 0.0006 a validation loss of 0.0005


Epoch 57/135 completed in 0.18 seconds with a training error of 0.0006 a validation loss of 0.0004


Epoch 58/135 completed in 0.20 seconds with a training error of 0.0006 a validation loss of 0.0004


Epoch 59/135 completed in 0.20 seconds with a training error of 0.0005 a validation loss of 0.0004


Epoch 60/135 completed in 0.20 seconds with a training error of 0.0005 a validation loss of 0.0004


Epoch 61/135 completed in 0.20 seconds with a training error of 0.0006 a validation loss of 0.0004


Epoch 62/135 completed in 0.20 seconds with a training error of 0.0005 a validation loss of 0.0004


Epoch 63/135 completed in 0.20 seconds with a training error of 0.0005 a validation loss of 0.0004


Epoch 64/135 completed in 0.20 seconds with a training error of 0.0004 a validation loss of 0.0003


Epoch 65/135 completed in 0.20 seconds with a training error of 0.0004 a validation loss of 0.0003


Epoch 66/135 completed in 0.20 seconds with a training error of 0.0004 a validation loss of 0.0003


Epoch 67/135 completed in 0.20 seconds with a training error of 0.0004 a validation loss of 0.0003


Epoch 68/135 completed in 0.19 seconds with a training error of 0.0004 a validation loss of 0.0003


Epoch 69/135 completed in 0.21 seconds with a training error of 0.0004 a validation loss of 0.0003


Epoch 70/135 completed in 0.20 seconds with a training error of 0.0004 a validation loss of 0.0003


Epoch 71/135 completed in 0.20 seconds with a training error of 0.0004 a validation loss of 0.0003


Epoch 72/135 completed in 0.20 seconds with a training error of 0.0004 a validation loss of 0.0003


Epoch 73/135 completed in 0.20 seconds with a training error of 0.0004 a validation loss of 0.0003


Epoch 74/135 completed in 0.20 seconds with a training error of 0.0003 a validation loss of 0.0003


Epoch 75/135 completed in 0.20 seconds with a training error of 0.0003 a validation loss of 0.0003


Epoch 76/135 completed in 0.20 seconds with a training error of 0.0003 a validation loss of 0.0003


Epoch 77/135 completed in 0.19 seconds with a training error of 0.0003 a validation loss of 0.0003


Epoch 78/135 completed in 0.19 seconds with a training error of 0.0003 a validation loss of 0.0003


Epoch 79/135 completed in 0.19 seconds with a training error of 0.0003 a validation loss of 0.0002


Epoch 80/135 completed in 0.20 seconds with a training error of 0.0003 a validation loss of 0.0002


Epoch 81/135 completed in 0.21 seconds with a training error of 0.0003 a validation loss of 0.0002


Epoch 82/135 completed in 0.19 seconds with a training error of 0.0003 a validation loss of 0.0002


Epoch 83/135 completed in 0.19 seconds with a training error of 0.0003 a validation loss of 0.0002


Epoch 84/135 completed in 0.19 seconds with a training error of 0.0003 a validation loss of 0.0002


Epoch 85/135 completed in 0.20 seconds with a training error of 0.0003 a validation loss of 0.0002


Epoch 86/135 completed in 0.20 seconds with a training error of 0.0003 a validation loss of 0.0002


Epoch 87/135 completed in 0.20 seconds with a training error of 0.0003 a validation loss of 0.0002


Epoch 88/135 completed in 0.18 seconds with a training error of 0.0003 a validation loss of 0.0002


Epoch 89/135 completed in 0.19 seconds with a training error of 0.0002 a validation loss of 0.0002


Epoch 90/135 completed in 0.17 seconds with a training error of 0.0002 a validation loss of 0.0002


Epoch 91/135 completed in 0.17 seconds with a training error of 0.0002 a validation loss of 0.0002


Epoch 92/135 completed in 0.17 seconds with a training error of 0.0002 a validation loss of 0.0002


Epoch 93/135 completed in 0.18 seconds with a training error of 0.0002 a validation loss of 0.0002


Epoch 94/135 completed in 0.17 seconds with a training error of 0.0002 a validation loss of 0.0002


Epoch 95/135 completed in 0.17 seconds with a training error of 0.0002 a validation loss of 0.0002


Epoch 96/135 completed in 0.17 seconds with a training error of 0.0002 a validation loss of 0.0002


Epoch 97/135 completed in 0.17 seconds with a training error of 0.0002 a validation loss of 0.0002


Epoch 98/135 completed in 0.17 seconds with a training error of 0.0002 a validation loss of 0.0002


Epoch 99/135 completed in 0.20 seconds with a training error of 0.0002 a validation loss of 0.0002


Epoch 100/135 completed in 0.20 seconds with a training error of 0.0002 a validation loss of 0.0002


Epoch 101/135 completed in 0.20 seconds with a training error of 0.0002 a validation loss of 0.0002


Epoch 102/135 completed in 0.20 seconds with a training error of 0.0002 a validation loss of 0.0002


Epoch 103/135 completed in 0.20 seconds with a training error of 0.0002 a validation loss of 0.0002


Epoch 104/135 completed in 0.19 seconds with a training error of 0.0002 a validation loss of 0.0002


Epoch 105/135 completed in 0.21 seconds with a training error of 0.0002 a validation loss of 0.0002


Epoch 106/135 completed in 0.20 seconds with a training error of 0.0002 a validation loss of 0.0002


Epoch 107/135 completed in 0.20 seconds with a training error of 0.0002 a validation loss of 0.0002


Epoch 108/135 completed in 0.20 seconds with a training error of 0.0002 a validation loss of 0.0002


Epoch 109/135 completed in 0.19 seconds with a training error of 0.0002 a validation loss of 0.0002


Epoch 110/135 completed in 0.20 seconds with a training error of 0.0002 a validation loss of 0.0002


Epoch 111/135 completed in 0.20 seconds with a training error of 0.0002 a validation loss of 0.0002


Epoch 112/135 completed in 0.20 seconds with a training error of 0.0002 a validation loss of 0.0002


Epoch 113/135 completed in 0.20 seconds with a training error of 0.0002 a validation loss of 0.0002


Epoch 114/135 completed in 0.20 seconds with a training error of 0.0002 a validation loss of 0.0002


Epoch 115/135 completed in 0.20 seconds with a training error of 0.0002 a validation loss of 0.0001


Epoch 116/135 completed in 0.18 seconds with a training error of 0.0002 a validation loss of 0.0001


Epoch 117/135 completed in 0.20 seconds with a training error of 0.0002 a validation loss of 0.0001


Epoch 118/135 completed in 0.20 seconds with a training error of 0.0002 a validation loss of 0.0001


Epoch 119/135 completed in 0.20 seconds with a training error of 0.0002 a validation loss of 0.0001


Epoch 120/135 completed in 0.19 seconds with a training error of 0.0002 a validation loss of 0.0001


Epoch 121/135 completed in 0.18 seconds with a training error of 0.0002 a validation loss of 0.0001


Epoch 122/135 completed in 0.17 seconds with a training error of 0.0002 a validation loss of 0.0001


Epoch 123/135 completed in 0.18 seconds with a training error of 0.0002 a validation loss of 0.0001


Epoch 124/135 completed in 0.18 seconds with a training error of 0.0001 a validation loss of 0.0001


Epoch 125/135 completed in 0.18 seconds with a training error of 0.0001 a validation loss of 0.0001


Epoch 126/135 completed in 0.18 seconds with a training error of 0.0001 a validation loss of 0.0001


Epoch 127/135 completed in 0.19 seconds with a training error of 0.0001 a validation loss of 0.0001


Epoch 128/135 completed in 0.20 seconds with a training error of 0.0001 a validation loss of 0.0001


Epoch 129/135 completed in 0.19 seconds with a training error of 0.0001 a validation loss of 0.0001


Epoch 130/135 completed in 0.20 seconds with a training error of 0.0001 a validation loss of 0.0001


Epoch 131/135 completed in 0.20 seconds with a training error of 0.0001 a validation loss of 0.0001


Epoch 132/135 completed in 0.19 seconds with a training error of 0.0001 a validation loss of 0.0001


Epoch 133/135 completed in 0.20 seconds with a training error of 0.0001 a validation loss of 0.0001


Epoch 134/135 completed in 0.20 seconds with a training error of 0.0001 a validation loss of 0.0001


Epoch 135/135 completed in 0.19 seconds with a training error of 0.0001 a validation loss of 0.0001

Entrenamiento completado

Loss plot saved at /home/newfasant2/N101/N101-IA/Models/Classification_field_ph_npy_SvDA_POV_5.16_SNR_5.0_1200_0samples_135ep_32bs_loss_plot.png

Model saved

Test Accuracy: 100.00%
Confusion matrix saved at /home/newfasant2/N101/N101-IA/Models/Classification_field_ph_npy_SvDA_POV_5.16_SNR_5.0_1200_0samples_135ep_32bs_confusion_matrix.png
0.0020558039347330728
Error medio de test:  tensor(0.0001, device='cuda:1')
Fin de la ejecución

