2025-06-27 09:52:08,104 - INFO - 
Los argumentos son {'input_path': '/home/newfasant2/N101/N101-IA/Datasets/Reorganized/Classification_1200_0_16_f_16_d_POV_5.16_SNR_5.0', 'use_case': 'Classification', 'data_type': 'field_ph_npy', 'num_epochs': 15}


Using cuda:1 device, field_ph_npy data type, Classification use case and seed 10.


Epoch 1/15 completed in 0.46 seconds with a training error of 1.3852 a validation loss of 1.3853


Epoch 2/15 completed in 0.19 seconds with a training error of 1.3831 a validation loss of 1.3832


Epoch 3/15 completed in 0.19 seconds with a training error of 1.3809 a validation loss of 1.3812


Epoch 4/15 completed in 0.19 seconds with a training error of 1.3788 a validation loss of 1.3786


Epoch 5/15 completed in 0.19 seconds with a training error of 1.3760 a validation loss of 1.3755


Epoch 6/15 completed in 0.20 seconds with a training error of 1.3727 a validation loss of 1.3712


Epoch 7/15 completed in 0.19 seconds with a training error of 1.3684 a validation loss of 1.3658


Epoch 8/15 completed in 0.19 seconds with a training error of 1.3623 a validation loss of 1.3574


Epoch 9/15 completed in 0.19 seconds with a training error of 1.3533 a validation loss of 1.3460


Epoch 10/15 completed in 0.19 seconds with a training error of 1.3394 a validation loss of 1.3260


Epoch 11/15 completed in 0.19 seconds with a training error of 1.3150 a validation loss of 1.2882


Epoch 12/15 completed in 0.19 seconds with a training error of 1.2652 a validation loss of 1.2106


Epoch 13/15 completed in 0.20 seconds with a training error of 1.1398 a validation loss of 1.0087


Epoch 14/15 completed in 0.19 seconds with a training error of 0.9231 a validation loss of 0.8348


Epoch 15/15 completed in 0.19 seconds with a training error of 0.7668 a validation loss of 0.6462

Entrenamiento completado

Loss plot saved at /home/newfasant2/N101/N101-IA/Models/Classification_field_ph_npy_SvDA_POV_5.16_SNR_5.0_1200_0samples_15ep_32bs_loss_plot.png

Model saved

Test Accuracy: 70.56%
Confusion matrix saved at /home/newfasant2/N101/N101-IA/Models/Classification_field_ph_npy_SvDA_POV_5.16_SNR_5.0_1200_0samples_15ep_32bs_confusion_matrix.png
Tiempo por sample: 0.002055 seconds
Error medio de test:  tensor(0.6659, device='cuda:1')
Fin de la ejecución

2025-06-27 09:52:15,135 - INFO - 
Los argumentos son {'input_path': '/home/newfasant2/N101/N101-IA/Datasets/Reorganized/Classification_1200_0_16_f_16_d_POV_5.16_SNR_5.0', 'use_case': 'Classification', 'data_type': 'field_ph_npy', 'num_epochs': 18}


Using cuda:1 device, field_ph_npy data type, Classification use case and seed 10.


Epoch 1/18 completed in 0.46 seconds with a training error of 1.3852 a validation loss of 1.3853


Epoch 2/18 completed in 0.20 seconds with a training error of 1.3831 a validation loss of 1.3832


Epoch 3/18 completed in 0.20 seconds with a training error of 1.3809 a validation loss of 1.3812


Epoch 4/18 completed in 0.20 seconds with a training error of 1.3788 a validation loss of 1.3786


Epoch 5/18 completed in 0.20 seconds with a training error of 1.3760 a validation loss of 1.3755


Epoch 6/18 completed in 0.21 seconds with a training error of 1.3727 a validation loss of 1.3712


Epoch 7/18 completed in 0.20 seconds with a training error of 1.3684 a validation loss of 1.3658


Epoch 8/18 completed in 0.20 seconds with a training error of 1.3623 a validation loss of 1.3574


Epoch 9/18 completed in 0.20 seconds with a training error of 1.3533 a validation loss of 1.3460


Epoch 10/18 completed in 0.20 seconds with a training error of 1.3394 a validation loss of 1.3260


Epoch 11/18 completed in 0.20 seconds with a training error of 1.3150 a validation loss of 1.2882


Epoch 12/18 completed in 0.20 seconds with a training error of 1.2652 a validation loss of 1.2106


Epoch 13/18 completed in 0.20 seconds with a training error of 1.1398 a validation loss of 1.0087


Epoch 14/18 completed in 0.20 seconds with a training error of 0.9231 a validation loss of 0.8348


Epoch 15/18 completed in 0.20 seconds with a training error of 0.7668 a validation loss of 0.6462


Epoch 16/18 completed in 0.20 seconds with a training error of 0.6182 a validation loss of 0.9143


Epoch 17/18 completed in 0.20 seconds with a training error of 0.4671 a validation loss of 0.7438


Epoch 18/18 completed in 0.20 seconds with a training error of 0.3378 a validation loss of 0.3351

Entrenamiento completado

Loss plot saved at /home/newfasant2/N101/N101-IA/Models/Classification_field_ph_npy_SvDA_POV_5.16_SNR_5.0_1200_0samples_18ep_32bs_loss_plot.png

Model saved

Test Accuracy: 79.44%
Confusion matrix saved at /home/newfasant2/N101/N101-IA/Models/Classification_field_ph_npy_SvDA_POV_5.16_SNR_5.0_1200_0samples_18ep_32bs_confusion_matrix.png
Tiempo por sample: 0.002096 seconds
Error medio de test:  tensor(0.3678, device='cuda:1')
Fin de la ejecución

2025-06-27 09:52:22,532 - INFO - 
Los argumentos son {'input_path': '/home/newfasant2/N101/N101-IA/Datasets/Reorganized/Classification_1200_0_16_f_16_d_POV_5.16_SNR_5.0', 'use_case': 'Classification', 'data_type': 'field_ph_npy', 'num_epochs': 21}


Using cuda:1 device, field_ph_npy data type, Classification use case and seed 10.


Epoch 1/21 completed in 0.45 seconds with a training error of 1.3852 a validation loss of 1.3853


Epoch 2/21 completed in 0.19 seconds with a training error of 1.3831 a validation loss of 1.3832


Epoch 3/21 completed in 0.19 seconds with a training error of 1.3809 a validation loss of 1.3812


Epoch 4/21 completed in 0.19 seconds with a training error of 1.3788 a validation loss of 1.3786


Epoch 5/21 completed in 0.19 seconds with a training error of 1.3760 a validation loss of 1.3755


Epoch 6/21 completed in 0.20 seconds with a training error of 1.3727 a validation loss of 1.3712


Epoch 7/21 completed in 0.19 seconds with a training error of 1.3684 a validation loss of 1.3658


Epoch 8/21 completed in 0.19 seconds with a training error of 1.3623 a validation loss of 1.3574


Epoch 9/21 completed in 0.19 seconds with a training error of 1.3533 a validation loss of 1.3460


Epoch 10/21 completed in 0.19 seconds with a training error of 1.3394 a validation loss of 1.3260


Epoch 11/21 completed in 0.19 seconds with a training error of 1.3150 a validation loss of 1.2882


Epoch 12/21 completed in 0.19 seconds with a training error of 1.2652 a validation loss of 1.2106


Epoch 13/21 completed in 0.19 seconds with a training error of 1.1398 a validation loss of 1.0087


Epoch 14/21 completed in 0.20 seconds with a training error of 0.9231 a validation loss of 0.8348


Epoch 15/21 completed in 0.20 seconds with a training error of 0.7668 a validation loss of 0.6462


Epoch 16/21 completed in 0.20 seconds with a training error of 0.6182 a validation loss of 0.9143


Epoch 17/21 completed in 0.19 seconds with a training error of 0.4671 a validation loss of 0.7438


Epoch 18/21 completed in 0.19 seconds with a training error of 0.3378 a validation loss of 0.3351


Epoch 19/21 completed in 0.19 seconds with a training error of 0.2235 a validation loss of 0.0926


Epoch 20/21 completed in 0.20 seconds with a training error of 0.0555 a validation loss of 0.0320


Epoch 21/21 completed in 0.19 seconds with a training error of 0.0274 a validation loss of 0.0209

Entrenamiento completado

Loss plot saved at /home/newfasant2/N101/N101-IA/Models/Classification_field_ph_npy_SvDA_POV_5.16_SNR_5.0_1200_0samples_21ep_32bs_loss_plot.png

Model saved

Test Accuracy: 100.00%
Confusion matrix saved at /home/newfasant2/N101/N101-IA/Models/Classification_field_ph_npy_SvDA_POV_5.16_SNR_5.0_1200_0samples_21ep_32bs_confusion_matrix.png
Tiempo por sample: 0.001987 seconds
Error medio de test:  tensor(0.0182, device='cuda:1')
Fin de la ejecución

